Building DAG of jobs...
Using shell: /usr/bin/bash
Provided cores: 1 (use --cores to define parallelism)
Rules claiming more threads will be scaled down.
Singularity containers: ignored
Job stats:
job                                   count    min threads    max threads
----------------------------------  -------  -------------  -------------
all                                       1              1              1
fst_plot                                  1              1              1
fst_split_table                           1              1              1
hp_plot_population                        2              1              1
hp_table_population_chromosome            1              1              1
popoolation_merge_snps                    1              1              1
popoolation_merge_variance_sliding        5              1              1
popoolation_plot                          6              1              1
popoolation_variance_sliding              4              1              1
total                                    22              1              1

Select jobs to execute...

[Thu Jul  6 15:46:06 2023]
rule hp_plot_population:
    input: results/hp/tables/pop2.tsv.gz
    output: results/hp/plot/pop2.pdf
    log: results/hp/plot/pop2.log
    jobid: 54
    benchmark: results/hp/plot/pop2.json
    reason: Missing output files: results/hp/plot/pop2.pdf
    wildcards: population=pop2
    resources: tmpdir=/tmp


        export LC_ALL=en_US.UTF-8
        export LANG=en_US.UTF-8
        Rscript src/plot_score.R             --input results/hp/tables/pop2.tsv.gz             --output results/hp/plot/pop2.pdf             --logarithm         2> results/hp/plot/pop2.log
        
Activating conda environment: hp
[Thu Jul  6 15:46:09 2023]
Error in rule hp_plot_population:
    jobid: 54
    input: results/hp/tables/pop2.tsv.gz
    output: results/hp/plot/pop2.pdf
    log: results/hp/plot/pop2.log (check log file(s) for error details)
    conda-env: hp
    shell:
        
        export LC_ALL=en_US.UTF-8
        export LANG=en_US.UTF-8
        Rscript src/plot_score.R             --input results/hp/tables/pop2.tsv.gz             --output results/hp/plot/pop2.pdf             --logarithm         2> results/hp/plot/pop2.log
        
        (one of the commands exited with non-zero exit code; note that snakemake uses bash strict mode!)

Shutting down, this might take some time.
Exiting because a job execution failed. Look above for error message
Complete log: .snakemake/log/2023-07-06T154546.539688.snakemake.log
