Building DAG of jobs...
Using shell: /usr/bin/bash
Provided cores: 1 (use --cores to define parallelism)
Rules claiming more threads will be scaled down.
Singularity containers: ignored
Job stats:
job                                    count    min threads    max threads
-----------------------------------  -------  -------------  -------------
all                                        1              1              1
decompress                                 3              1              1
fst_merge                                  1              1              1
fst_plot                                   1              1              1
fst_sliding                                1              1              1
fst_split_table                            1              1              1
hp_plot_population                         2              1              1
hp_table_population_chromosome             2              1              1
index_cram                                 3              1              1
index_fasta                                1              1              1
map_bwa_index                              1              1              1
map_bwa_map                                3              1              1
map_filter                                 3              1              1
map_split                                  3              1              1
mpileup_convert                            2              1              1
mpileup_popoolation_filter_indels          2              1              1
mpileup_popoolation_identify_indels        2              1              1
mpileup_popoolation_subsample              2              1              1
popoolation_merge_snps                     2              1              1
popoolation_merge_variance_sliding         6              1              1
popoolation_plot                           6              1              1
popoolation_variance_sliding               6              1              1
qc_trimmomatic                             3              1              1
raw_extract_genome                         1              1              1
raw_make_links_pe                          3              1              1
reports_samtools_flagstat                  3              1              1
reports_samtools_idxstats                  3              1              1
reports_samtools_stats                     3              1              1
sync_filter_indels                         1              1              1
sync_identify_indels                       1              1              1
sync_mpileup2sync                          1              1              1
sync_subsample                             1              1              1
total                                     74              1              1

Select jobs to execute...

[Wed Jul 12 13:58:35 2023]
rule raw_make_links_pe:
    input: data/reads/pop1_1.fq.gz, data/reads/pop1_2.fq.gz
    output: results/raw/pop1.lib1_1.fq.gz, results/raw/pop1.lib1_2.fq.gz
    jobid: 12
    reason: Missing output files: results/raw/pop1.lib1_2.fq.gz, results/raw/pop1.lib1_1.fq.gz
    wildcards: population=pop1, library=lib1
    resources: tmpdir=/tmp


        ln --symbolic $(readlink --canonicalize data/reads/pop1_1.fq.gz) results/raw/pop1.lib1_1.fq.gz
        ln --symbolic $(readlink --canonicalize data/reads/pop1_2.fq.gz) results/raw/pop1.lib1_2.fq.gz
        
[Wed Jul 12 13:58:35 2023]
Finished job 12.
1 of 74 steps (1%) done
Select jobs to execute...

[Wed Jul 12 13:58:35 2023]
rule decompress:
    input: results/raw/pop1.lib1_1.fq.gz, results/raw/pop1.lib1_2.fq.gz
    output: results/raw/pop1.lib1_1.fq, results/raw/pop1.lib1_2.fq
    jobid: 11
    reason: Missing output files: results/raw/pop1.lib1_1.fq, results/raw/pop1.lib1_2.fq; Input files updated by another job: results/raw/pop1.lib1_2.fq.gz, results/raw/pop1.lib1_1.fq.gz
    wildcards: population=pop1, library=lib1
    resources: tmpdir=/tmp


        gzip --decompress --stdout results/raw/pop1.lib1_1.fq.gz > results/raw/pop1.lib1_1.fq
        gzip --decompress --stdout results/raw/pop1.lib1_2.fq.gz > results/raw/pop1.lib1_2.fq
        
[Wed Jul 12 13:58:36 2023]
Finished job 11.
2 of 74 steps (3%) done
Select jobs to execute...

[Wed Jul 12 13:58:36 2023]
rule qc_trimmomatic:
    input: results/raw/pop1.lib1_1.fq, results/raw/pop1.lib1_2.fq
    output: results/qc/pop1.lib1_1.fq, results/qc/pop1.lib1_2.fq, results/qc/pop1.lib1_3.fq, results/qc/pop1.lib1_4.fq
    log: results/qc/pop1.lib1.trimmomatic_pe.log
    jobid: 10
    benchmark: results/qc/pop1.lib1.trimmomatic_pe.json
    reason: Missing output files: results/qc/pop1.lib1_4.fq, results/qc/pop1.lib1_1.fq, results/qc/pop1.lib1_2.fq, results/qc/pop1.lib1_3.fq; Input files updated by another job: results/raw/pop1.lib1_1.fq, results/raw/pop1.lib1_2.fq
    wildcards: population=pop1, library=lib1
    priority: 50
    resources: tmpdir=/tmp


        trimmomatic PE \
            -threads 1 \
            -phred33 \
            results/raw/pop1.lib1_1.fq results/raw/pop1.lib1_2.fq \
            results/qc/pop1.lib1_1.fq results/qc/pop1.lib1_3.fq results/qc/pop1.lib1_2.fq results/qc/pop1.lib1_4.fq \
            ILLUMINACLIP:data/adapters/TruSeq3-PE-2.fa:2:30:10 \
            AVGQUAL:3 MINLEN:31 LEADING:19 TRAILING:19 MINLEN:31 SLIDINGWINDOW:4:5 LEADING:5 TRAILING:5 MINLEN:25 TOPHRED33 \
            2> results/qc/pop1.lib1.trimmomatic_pe.log 1>&2
        
Activating conda environment: qc
[Wed Jul 12 13:58:42 2023]
Finished job 10.
3 of 74 steps (4%) done
Select jobs to execute...

[Wed Jul 12 13:58:42 2023]
rule raw_make_links_pe:
    input: data/reads/pop2_1.fq.gz, data/reads/pop2_2.fq.gz
    output: results/raw/pop2.lib1_1.fq.gz, results/raw/pop2.lib1_2.fq.gz
    jobid: 36
    reason: Missing output files: results/raw/pop2.lib1_2.fq.gz, results/raw/pop2.lib1_1.fq.gz
    wildcards: population=pop2, library=lib1
    resources: tmpdir=/tmp


        ln --symbolic $(readlink --canonicalize data/reads/pop2_1.fq.gz) results/raw/pop2.lib1_1.fq.gz
        ln --symbolic $(readlink --canonicalize data/reads/pop2_2.fq.gz) results/raw/pop2.lib1_2.fq.gz
        
[Wed Jul 12 13:58:42 2023]
Finished job 36.
4 of 74 steps (5%) done
Select jobs to execute...

[Wed Jul 12 13:58:42 2023]
rule raw_make_links_pe:
    input: data/reads/pop1_1.fq.gz, data/reads/pop1_2.fq.gz
    output: results/raw/pop1.lib2_1.fq.gz, results/raw/pop1.lib2_2.fq.gz
    jobid: 21
    reason: Missing output files: results/raw/pop1.lib2_2.fq.gz, results/raw/pop1.lib2_1.fq.gz
    wildcards: population=pop1, library=lib2
    resources: tmpdir=/tmp


        ln --symbolic $(readlink --canonicalize data/reads/pop1_1.fq.gz) results/raw/pop1.lib2_1.fq.gz
        ln --symbolic $(readlink --canonicalize data/reads/pop1_2.fq.gz) results/raw/pop1.lib2_2.fq.gz
        
[Wed Jul 12 13:58:42 2023]
Finished job 21.
5 of 74 steps (7%) done
Select jobs to execute...

[Wed Jul 12 13:58:42 2023]
rule raw_extract_genome:
    input: data/genome/2R.fa.gz
    output: results/raw/genome.fa
    log: results/raw/genome.log
    jobid: 14
    benchmark: results/raw/genome.json
    reason: Missing output files: results/raw/genome.fa
    resources: tmpdir=/tmp

gzip --decompress --stdout data/genome/2R.fa.gz > results/raw/genome.fa 2> results/raw/genome.log
[Wed Jul 12 13:58:42 2023]
Finished job 14.
6 of 74 steps (8%) done
Select jobs to execute...

[Wed Jul 12 13:58:42 2023]
rule map_bwa_index:
    input: results/raw/genome.fa
    output: results/index/genome, results/index/genome.amb, results/index/genome.ann, results/index/genome.bwt, results/index/genome.pac, results/index/genome.sa
    log: results/index/bwa_index.log
    jobid: 13
    benchmark: results/index/bwa_index.json
    reason: Missing output files: results/index/genome; Input files updated by another job: results/raw/genome.fa
    resources: tmpdir=/tmp

bwa index -p results/index/genome results/raw/genome.fa > results/index/bwa_index.log 2>&1
Activating conda environment: map
Touching output file results/index/genome.
[Wed Jul 12 13:58:42 2023]
Finished job 13.
7 of 74 steps (9%) done
Select jobs to execute...

[Wed Jul 12 13:58:42 2023]
rule map_bwa_map:
    input: results/qc/pop1.lib1_1.fq, results/qc/pop1.lib1_2.fq, results/qc/pop1.lib1_3.fq, results/qc/pop1.lib1_4.fq, results/index/genome, results/raw/genome.fa
    output: results/map/raw/pop1.lib1.cram
    log: results/map/raw/pop1.lib1.bwa_mem.log
    jobid: 9
    benchmark: results/map/raw/pop1.lib1.bwa_mem.json
    reason: Missing output files: results/map/raw/pop1.lib1.cram; Input files updated by another job: results/qc/pop1.lib1_3.fq, results/qc/pop1.lib1_1.fq, results/qc/pop1.lib1_2.fq, results/index/genome, results/raw/genome.fa, results/qc/pop1.lib1_4.fq
    wildcards: population=pop1, library=lib1
    resources: tmpdir=/tmp


        (bwa mem             -M             -R '@RG	ID:pop1_lib1	LB:truseq_lib1	PL:Illumina	SM:pop1'             -t 1                          results/index/genome             results/qc/pop1.lib1_1.fq             results/qc/pop1.lib1_2.fq         | samtools sort             -l 9             -o results/map/raw/pop1.lib1.cram             --reference results/raw/genome.fa             --output-fmt CRAM             -@ 1             /dev/stdin         ) 2> results/map/raw/pop1.lib1.bwa_mem.log
        
Activating conda environment: map
Write-protecting output file results/map/raw/pop1.lib1.cram.
[Wed Jul 12 13:59:10 2023]
Finished job 9.
8 of 74 steps (11%) done
Removing temporary output results/qc/pop1.lib1_4.fq.
Removing temporary output results/qc/pop1.lib1_1.fq.
Removing temporary output results/qc/pop1.lib1_2.fq.
Removing temporary output results/qc/pop1.lib1_3.fq.
Select jobs to execute...

[Wed Jul 12 13:59:10 2023]
rule reports_samtools_flagstat:
    input: results/map/raw/pop1.lib1.cram
    output: results/map/raw/pop1.lib1.flagstat.txt
    log: results/map/raw/pop1.lib1.flagstat.log
    jobid: 66
    benchmark: results/map/raw/pop1.lib1.flagstat.bmk
    reason: Missing output files: results/map/raw/pop1.lib1.flagstat.txt; Input files updated by another job: results/map/raw/pop1.lib1.cram
    wildcards: filename=results/map/raw/pop1.lib1
    resources: tmpdir=/tmp

samtools flagstat results/map/raw/pop1.lib1.cram > results/map/raw/pop1.lib1.flagstat.txt 2> results/map/raw/pop1.lib1.flagstat.log
Activating conda environment: reports
[Wed Jul 12 13:59:12 2023]
Finished job 66.
9 of 74 steps (12%) done
Select jobs to execute...

[Wed Jul 12 13:59:12 2023]
rule index_fasta:
    input: results/raw/genome.fa
    output: results/raw/genome.fa.fai
    jobid: 23
    reason: Missing output files: results/raw/genome.fa.fai; Input files updated by another job: results/raw/genome.fa
    wildcards: filename=results/raw/genome.fa
    resources: tmpdir=/tmp

samtools faidx results/raw/genome.fa
Warning: the following output files of rule index_fasta were not present when the DAG was created:
{'results/raw/genome.fa.fai'}
Activating conda environment: generic
[Wed Jul 12 13:59:13 2023]
Finished job 23.
10 of 74 steps (14%) done
Select jobs to execute...

[Wed Jul 12 13:59:13 2023]
rule decompress:
    input: results/raw/pop2.lib1_1.fq.gz, results/raw/pop2.lib1_2.fq.gz
    output: results/raw/pop2.lib1_1.fq, results/raw/pop2.lib1_2.fq
    jobid: 35
    reason: Missing output files: results/raw/pop2.lib1_1.fq, results/raw/pop2.lib1_2.fq; Input files updated by another job: results/raw/pop2.lib1_2.fq.gz, results/raw/pop2.lib1_1.fq.gz
    wildcards: population=pop2, library=lib1
    resources: tmpdir=/tmp


        gzip --decompress --stdout results/raw/pop2.lib1_1.fq.gz > results/raw/pop2.lib1_1.fq
        gzip --decompress --stdout results/raw/pop2.lib1_2.fq.gz > results/raw/pop2.lib1_2.fq
        
[Wed Jul 12 13:59:13 2023]
Finished job 35.
11 of 74 steps (15%) done
Select jobs to execute...

[Wed Jul 12 13:59:13 2023]
rule qc_trimmomatic:
    input: results/raw/pop2.lib1_1.fq, results/raw/pop2.lib1_2.fq
    output: results/qc/pop2.lib1_1.fq, results/qc/pop2.lib1_2.fq, results/qc/pop2.lib1_3.fq, results/qc/pop2.lib1_4.fq
    log: results/qc/pop2.lib1.trimmomatic_pe.log
    jobid: 34
    benchmark: results/qc/pop2.lib1.trimmomatic_pe.json
    reason: Missing output files: results/qc/pop2.lib1_4.fq, results/qc/pop2.lib1_2.fq, results/qc/pop2.lib1_1.fq, results/qc/pop2.lib1_3.fq; Input files updated by another job: results/raw/pop2.lib1_1.fq, results/raw/pop2.lib1_2.fq
    wildcards: population=pop2, library=lib1
    priority: 50
    resources: tmpdir=/tmp


        trimmomatic PE \
            -threads 1 \
            -phred33 \
            results/raw/pop2.lib1_1.fq results/raw/pop2.lib1_2.fq \
            results/qc/pop2.lib1_1.fq results/qc/pop2.lib1_3.fq results/qc/pop2.lib1_2.fq results/qc/pop2.lib1_4.fq \
            ILLUMINACLIP:data/adapters/TruSeq3-PE-2.fa:2:30:10 \
            AVGQUAL:3 MINLEN:31 LEADING:19 TRAILING:19 MINLEN:31 SLIDINGWINDOW:4:5 LEADING:5 TRAILING:5 MINLEN:25 TOPHRED33 \
            2> results/qc/pop2.lib1.trimmomatic_pe.log 1>&2
        
Activating conda environment: qc
[Wed Jul 12 13:59:19 2023]
Finished job 34.
12 of 74 steps (16%) done
Select jobs to execute...

[Wed Jul 12 13:59:19 2023]
rule map_bwa_map:
    input: results/qc/pop2.lib1_1.fq, results/qc/pop2.lib1_2.fq, results/qc/pop2.lib1_3.fq, results/qc/pop2.lib1_4.fq, results/index/genome, results/raw/genome.fa
    output: results/map/raw/pop2.lib1.cram
    log: results/map/raw/pop2.lib1.bwa_mem.log
    jobid: 33
    benchmark: results/map/raw/pop2.lib1.bwa_mem.json
    reason: Missing output files: results/map/raw/pop2.lib1.cram; Input files updated by another job: results/index/genome, results/qc/pop2.lib1_2.fq, results/qc/pop2.lib1_1.fq, results/raw/genome.fa, results/qc/pop2.lib1_4.fq, results/qc/pop2.lib1_3.fq
    wildcards: population=pop2, library=lib1
    resources: tmpdir=/tmp


        (bwa mem             -M             -R '@RG	ID:pop2_lib1	LB:truseq_lib1	PL:Illumina	SM:pop2'             -t 1                          results/index/genome             results/qc/pop2.lib1_1.fq             results/qc/pop2.lib1_2.fq         | samtools sort             -l 9             -o results/map/raw/pop2.lib1.cram             --reference results/raw/genome.fa             --output-fmt CRAM             -@ 1             /dev/stdin         ) 2> results/map/raw/pop2.lib1.bwa_mem.log
        
Activating conda environment: map
Write-protecting output file results/map/raw/pop2.lib1.cram.
[Wed Jul 12 13:59:46 2023]
Finished job 33.
13 of 74 steps (18%) done
Removing temporary output results/qc/pop2.lib1_4.fq.
Removing temporary output results/qc/pop2.lib1_2.fq.
Removing temporary output results/qc/pop2.lib1_1.fq.
Removing temporary output results/qc/pop2.lib1_3.fq.
Select jobs to execute...

[Wed Jul 12 13:59:46 2023]
rule index_cram:
    input: results/map/raw/pop2.lib1.cram
    output: results/map/raw/pop2.lib1.cram.crai
    jobid: 37
    reason: Missing output files: results/map/raw/pop2.lib1.cram.crai; Input files updated by another job: results/map/raw/pop2.lib1.cram
    wildcards: filename=results/map/raw/pop2.lib1
    resources: tmpdir=/tmp

samtools index results/map/raw/pop2.lib1.cram
Activating conda environment: generic
[Wed Jul 12 13:59:46 2023]
Finished job 37.
14 of 74 steps (19%) done
Select jobs to execute...

[Wed Jul 12 13:59:46 2023]
rule reports_samtools_idxstats:
    input: results/map/raw/pop2.lib1.cram, results/map/raw/pop2.lib1.cram.crai
    output: results/map/raw/pop2.lib1.idxstats.txt
    log: results/map/raw/pop2.lib1.idxstats.log
    jobid: 73
    benchmark: results/map/raw/pop2.lib1.idxstats.bmk
    reason: Missing output files: results/map/raw/pop2.lib1.idxstats.txt; Input files updated by another job: results/map/raw/pop2.lib1.cram, results/map/raw/pop2.lib1.cram.crai
    wildcards: filename=results/map/raw/pop2.lib1
    resources: tmpdir=/tmp

samtools idxstats results/map/raw/pop2.lib1.cram > results/map/raw/pop2.lib1.idxstats.txt 2> results/map/raw/pop2.lib1.idxstats.log
Activating conda environment: reports
[Wed Jul 12 13:59:48 2023]
Finished job 73.
15 of 74 steps (20%) done
Select jobs to execute...

[Wed Jul 12 13:59:48 2023]
rule reports_samtools_stats:
    input: results/map/raw/pop1.lib1.cram
    output: results/map/raw/pop1.lib1.stats.tsv
    log: results/map/raw/pop1.lib1.stats.log
    jobid: 65
    benchmark: results/map/raw/pop1.lib1.stats.bmk
    reason: Missing output files: results/map/raw/pop1.lib1.stats.tsv; Input files updated by another job: results/map/raw/pop1.lib1.cram
    wildcards: filename=results/map/raw/pop1.lib1
    resources: tmpdir=/tmp

samtools stats results/map/raw/pop1.lib1.cram > results/map/raw/pop1.lib1.stats.tsv 2>&1
Activating conda environment: reports
[Wed Jul 12 13:59:52 2023]
Finished job 65.
16 of 74 steps (22%) done
Select jobs to execute...

[Wed Jul 12 13:59:52 2023]
rule reports_samtools_stats:
    input: results/map/raw/pop2.lib1.cram
    output: results/map/raw/pop2.lib1.stats.tsv
    log: results/map/raw/pop2.lib1.stats.log
    jobid: 71
    benchmark: results/map/raw/pop2.lib1.stats.bmk
    reason: Missing output files: results/map/raw/pop2.lib1.stats.tsv; Input files updated by another job: results/map/raw/pop2.lib1.cram
    wildcards: filename=results/map/raw/pop2.lib1
    resources: tmpdir=/tmp

samtools stats results/map/raw/pop2.lib1.cram > results/map/raw/pop2.lib1.stats.tsv 2>&1
Activating conda environment: reports
[Wed Jul 12 13:59:55 2023]
Finished job 71.
17 of 74 steps (23%) done
Select jobs to execute...

[Wed Jul 12 13:59:55 2023]
rule map_split:
    input: results/map/raw/pop2.lib1.cram, results/map/raw/pop2.lib1.cram.crai, results/raw/genome.fa
    output: results/map/split/pop2.lib1.2R.bam
    log: results/map/split/pop2.lib1.2R.log
    jobid: 32
    benchmark: results/map/split/pop2.lib1.2R.json
    reason: Missing output files: results/map/split/pop2.lib1.2R.bam; Input files updated by another job: results/raw/genome.fa, results/map/raw/pop2.lib1.cram, results/map/raw/pop2.lib1.cram.crai
    wildcards: population=pop2, library=lib1, chromosome=2R
    resources: tmpdir=/tmp


        samtools view             -u             -T results/raw/genome.fa             -o results/map/split/pop2.lib1.2R.bam             results/map/raw/pop2.lib1.cram             2R         2> results/map/split/pop2.lib1.2R.log
        
Activating conda environment: map
[Wed Jul 12 13:59:56 2023]
Finished job 32.
18 of 74 steps (24%) done
Select jobs to execute...

[Wed Jul 12 13:59:56 2023]
rule map_filter:
    input: results/map/split/pop2.lib1.2R.bam, results/raw/genome.fa
    output: results/map/filt/pop2.lib1.2R.cram, results/map/filt/pop2.lib1.2R.dupstats
    log: results/map/filt/pop2.lib1.2R.log
    jobid: 31
    benchmark: results/map/filt/pop2.lib1.2R.json
    reason: Missing output files: results/map/filt/pop2.lib1.2R.cram; Input files updated by another job: results/raw/genome.fa, results/map/split/pop2.lib1.2R.bam
    wildcards: population=pop2, library=lib1, chromosome=2R
    resources: tmpdir=/tmp, memory_gb=1


        (picard -Xmx1g MarkDuplicates             INPUT=results/map/split/pop2.lib1.2R.bam             OUTPUT=/dev/stdout             METRICS_FILE=results/map/filt/pop2.lib1.2R.dupstats             ASSUME_SORT_ORDER=coordinate             VALIDATION_STRINGENCY=SILENT             COMPRESSION_LEVEL=0             REMOVE_DUPLICATES=true             QUIET=false         | samtools view             -q 20             -f 0x0002  `# read mapped in proper pair. Leave only`             -F 0x0004  `# read unmapped. Throw away`             -F 0x0008  `# mate unmapped. Throw away`             -u             -         | samtools sort             -l 9             -o results/map/filt/pop2.lib1.2R.cram             --reference results/raw/genome.fa             --output-fmt CRAM             /dev/stdin         ) 2> results/map/filt/pop2.lib1.2R.log
        
Activating conda environment: map
Write-protecting output file results/map/filt/pop2.lib1.2R.cram.
[Wed Jul 12 14:00:20 2023]
Finished job 31.
19 of 74 steps (26%) done
Removing temporary output results/map/split/pop2.lib1.2R.bam.
Select jobs to execute...

[Wed Jul 12 14:00:20 2023]
rule mpileup_convert:
    input: results/map/filt/pop2.lib1.2R.cram, results/raw/genome.fa, results/raw/genome.fa.fai
    output: results/mpileup/raw/pop2/pop2.2R.mpileup.gz
    log: results/mpileup/raw/pop2/pop2.2R.log
    jobid: 30
    benchmark: results/mpileup/raw/pop2/pop2.2R.json
    reason: Missing output files: results/mpileup/raw/pop2/pop2.2R.mpileup.gz; Input files updated by another job: results/raw/genome.fa, results/map/filt/pop2.lib1.2R.cram, results/raw/genome.fa.fai
    wildcards: population=pop2, chromosome=2R
    resources: tmpdir=/tmp


        (samtools merge             -u             --reference results/raw/genome.fa             -             results/map/filt/pop2.lib1.2R.cram         | samtools mpileup             -a             --no-BAQ             --min-BQ 0             --fasta-ref results/raw/genome.fa             -         | gzip             --best         > results/mpileup/raw/pop2/pop2.2R.mpileup.gz         ) 2> results/mpileup/raw/pop2/pop2.2R.log
        
Activating conda environment: mpileup
[Wed Jul 12 14:00:32 2023]
Finished job 30.
20 of 74 steps (27%) done
Select jobs to execute...

[Wed Jul 12 14:00:32 2023]
rule mpileup_popoolation_identify_indels:
    input: results/mpileup/raw/pop2/pop2.2R.mpileup.gz
    output: results/mpileup/filt/pop2/pop2.2R.gtf
    log: results/mpileup/filt/pop2/pop2.2R.gtf.log
    jobid: 38
    benchmark: results/mpileup/filt/pop2/pop2.2R.gtf.json
    reason: Missing output files: results/mpileup/filt/pop2/pop2.2R.gtf; Input files updated by another job: results/mpileup/raw/pop2/pop2.2R.mpileup.gz
    wildcards: population=pop2, chromosome=2R
    resources: tmpdir=/tmp


        perl src/popoolation_1.2.2/basic-pipeline/identify-genomic-indel-regions.pl             --input <(gzip --decompress --stdout results/mpileup/raw/pop2/pop2.2R.mpileup.gz)             --output results/mpileup/filt/pop2/pop2.2R.gtf             --indel-window 5             --min-count 2         2>results/mpileup/filt/pop2/pop2.2R.gtf.log 1>&2
        
Activating conda environment: mpileup
[Wed Jul 12 14:00:34 2023]
Finished job 38.
21 of 74 steps (28%) done
Select jobs to execute...

[Wed Jul 12 14:00:34 2023]
rule mpileup_popoolation_filter_indels:
    input: results/mpileup/raw/pop2/pop2.2R.mpileup.gz, results/mpileup/filt/pop2/pop2.2R.gtf
    output: results/mpileup/filt/pop2/pop2.2R.mpileup, results/mpileup/filt/pop2/pop2.2R.mpileup.gz
    log: results/mpileup/filt/pop2/pop2.2R.mpileup.log
    jobid: 29
    benchmark: results/mpileup/filt/pop2/pop2.2R.mpileup.json
    reason: Missing output files: results/mpileup/filt/pop2/pop2.2R.mpileup.gz; Input files updated by another job: results/mpileup/filt/pop2/pop2.2R.gtf, results/mpileup/raw/pop2/pop2.2R.mpileup.gz
    wildcards: population=pop2, chromosome=2R
    resources: tmpdir=/tmp


        mkfifo results/mpileup/filt/pop2/pop2.2R.mpileup

        (cat results/mpileup/filt/pop2/pop2.2R.mpileup | gzip --fast > results/mpileup/filt/pop2/pop2.2R.mpileup.gz &)

        perl src/popoolation_1.2.2/basic-pipeline/filter-pileup-by-gtf.pl             --input <(gzip --decompress --stdout results/mpileup/raw/pop2/pop2.2R.mpileup.gz)             --gtf results/mpileup/filt/pop2/pop2.2R.gtf             --output results/mpileup/filt/pop2/pop2.2R.mpileup         2> results/mpileup/filt/pop2/pop2.2R.mpileup.log 1>&2
        
Activating conda environment: mpileup
[Wed Jul 12 14:00:36 2023]
Finished job 29.
22 of 74 steps (30%) done
Removing temporary output results/mpileup/filt/pop2/pop2.2R.gtf.
Removing temporary output results/mpileup/filt/pop2/pop2.2R.mpileup.
Select jobs to execute...

[Wed Jul 12 14:00:36 2023]
rule mpileup_popoolation_subsample:
    input: results/mpileup/filt/pop2/pop2.2R.mpileup.gz
    output: results/mpileup/sub/pop2/pop2.2R.mpileup, results/mpileup/sub/pop2/pop2.2R.mpileup.gz
    log: results/mpileup/sub/pop2/pop2.2R.log
    jobid: 28
    benchmark: results/mpileup/sub/pop2/pop2.2R.json
    reason: Missing output files: results/mpileup/sub/pop2/pop2.2R.mpileup.gz; Input files updated by another job: results/mpileup/filt/pop2/pop2.2R.mpileup.gz
    wildcards: population=pop2, chromosome=2R
    resources: tmpdir=/tmp


        mkfifo results/mpileup/sub/pop2/pop2.2R.mpileup;

        (cat results/mpileup/sub/pop2/pop2.2R.mpileup | gzip --best > results/mpileup/sub/pop2/pop2.2R.mpileup.gz &)

        perl src/popoolation_1.2.2/basic-pipeline/subsample-pileup.pl             --min-qual 20             --method withoutreplace             --max-coverage 200             --fastq-type sanger             --target-coverage 10             --input <(gzip -dc results/mpileup/filt/pop2/pop2.2R.mpileup.gz)             --output results/mpileup/sub/pop2/pop2.2R.mpileup         2> results/mpileup/sub/pop2/pop2.2R.log 1>&2
        
Activating conda environment: mpileup
Write-protecting output file results/mpileup/sub/pop2/pop2.2R.mpileup.gz.
[Wed Jul 12 14:01:30 2023]
Finished job 28.
23 of 74 steps (31%) done
Removing temporary output results/mpileup/filt/pop2/pop2.2R.mpileup.gz.
Removing temporary output results/mpileup/sub/pop2/pop2.2R.mpileup.
Select jobs to execute...

[Wed Jul 12 14:01:30 2023]
rule popoolation_variance_sliding:
    input: results/mpileup/sub/pop2/pop2.2R.mpileup.gz
    output: results/popoolation/tables/D/pop2.2R.D.snps, results/popoolation/tables/D/pop2.2R.D.tsv
    log: results/popoolation/tables/D/pop2.2R.D.log
    jobid: 27
    benchmark: results/popoolation/tables/D/pop2.2R.D.json
    reason: Missing output files: results/popoolation/tables/D/pop2.2R.D.tsv, results/popoolation/tables/D/pop2.2R.D.snps; Input files updated by another job: results/mpileup/sub/pop2/pop2.2R.mpileup.gz
    wildcards: analysis=D, population=pop2, chromosome=2R
    resources: tmpdir=/tmp


        perl src/popoolation_1.2.2/Variance-sliding.pl             --measure D             --fastq-type sanger             --min-count 2             --min-coverage 4             --max-coverage 200             --min-covered-fraction 0.5             --pool-size 200             --window-size 1000             --step-size 1000             --input <(gzip --decompress --stdout results/mpileup/sub/pop2/pop2.2R.mpileup.gz)             --output results/popoolation/tables/D/pop2.2R.D.tsv             --snp-output results/popoolation/tables/D/pop2.2R.D.snps         2> results/popoolation/tables/D/pop2.2R.D.log 1>&2
        
Activating conda environment: popoolation
[Wed Jul 12 14:01:39 2023]
Finished job 27.
24 of 74 steps (32%) done
Select jobs to execute...

[Wed Jul 12 14:01:39 2023]
rule popoolation_merge_snps:
    input: results/popoolation/tables/D/pop2.2R.D.snps
    output: results/popoolation/plot/D/pop2.D.snps.gz
    jobid: 56
    reason: Missing output files: results/popoolation/plot/D/pop2.D.snps.gz; Input files updated by another job: results/popoolation/tables/D/pop2.2R.D.snps
    wildcards: analysis=D, population=pop2
    resources: tmpdir=/tmp

pigz --processes 1 --best --stdout results/popoolation/tables/D/pop2.2R.D.snps > results/popoolation/plot/D/pop2.D.snps.gz
Activating conda environment: popoolation
Write-protecting output file results/popoolation/plot/D/pop2.D.snps.gz.
[Wed Jul 12 14:01:40 2023]
Finished job 56.
25 of 74 steps (34%) done
Select jobs to execute...

[Wed Jul 12 14:01:40 2023]
rule hp_table_population_chromosome:
    input: results/popoolation/plot/D/pop2.D.snps.gz
    output: results/hp/tables/pop2.tsv.gz
    log: results/hp/tables/pop2.log
    jobid: 55
    benchmark: results/hp/tables/pop2.json
    reason: Missing output files: results/hp/tables/pop2.tsv.gz; Input files updated by another job: results/popoolation/plot/D/pop2.D.snps.gz
    wildcards: population=pop2
    resources: tmpdir=/tmp

(gzip --decompress --stdout results/popoolation/plot/D/pop2.D.snps.gz | python3 src/snps_to_hp.py | pigz --best > results/hp/tables/pop2.tsv.gz) 2> results/hp/tables/pop2.log
Activating conda environment: hp
Write-protecting output file results/hp/tables/pop2.tsv.gz.
[Wed Jul 12 14:01:41 2023]
Finished job 55.
26 of 74 steps (35%) done
Select jobs to execute...

[Wed Jul 12 14:01:42 2023]
rule hp_plot_population:
    input: results/hp/tables/pop2.tsv.gz
    output: results/hp/plot/pop2.pdf
    log: results/hp/plot/pop2.log
    jobid: 54
    benchmark: results/hp/plot/pop2.json
    reason: Missing output files: results/hp/plot/pop2.pdf; Input files updated by another job: results/hp/tables/pop2.tsv.gz
    wildcards: population=pop2
    resources: tmpdir=/tmp


        export LC_ALL=en_US.UTF-8
        export LANG=en_US.UTF-8
        Rscript src/plot_score.R             --input results/hp/tables/pop2.tsv.gz             --output results/hp/plot/pop2.pdf             --logarithm         2> results/hp/plot/pop2.log
        
Activating conda environment: hp
[Wed Jul 12 14:01:48 2023]
Finished job 54.
27 of 74 steps (36%) done
Select jobs to execute...

[Wed Jul 12 14:01:48 2023]
rule popoolation_merge_variance_sliding:
    input: results/popoolation/tables/D/pop2.2R.D.tsv
    output: results/popoolation/plot/D/pop2.D.tsv.gz
    log: results/popoolation/plot/D/pop2.D.merge_vs.log
    jobid: 26
    benchmark: results/popoolation/plot/D/pop2.D.merge_vs.json
    reason: Missing output files: results/popoolation/plot/D/pop2.D.tsv.gz; Input files updated by another job: results/popoolation/tables/D/pop2.2R.D.tsv
    wildcards: analysis=D, population=pop2
    resources: tmpdir=/tmp

(bash src/variance_sliding_to_genomic_score.sh results/popoolation/tables/D/pop2.2R.D.tsv | pigz --best --processes 1 > results/popoolation/plot/D/pop2.D.tsv.gz) 2> results/popoolation/plot/D/pop2.D.merge_vs.log
Activating conda environment: popoolation
Write-protecting output file results/popoolation/plot/D/pop2.D.tsv.gz.
[Wed Jul 12 14:01:49 2023]
Finished job 26.
28 of 74 steps (38%) done
Select jobs to execute...

[Wed Jul 12 14:01:49 2023]
rule popoolation_plot:
    input: results/popoolation/plot/D/pop2.D.tsv.gz
    output: results/popoolation/plot/D/pop2.D.pdf
    log: results/popoolation/plot/D/pop2.D.plot.log
    jobid: 25
    benchmark: results/popoolation/plot/D/pop2.D.plot.json
    reason: Missing output files: results/popoolation/plot/D/pop2.D.pdf; Input files updated by another job: results/popoolation/plot/D/pop2.D.tsv.gz
    wildcards: analysis=D, population=pop2
    resources: tmpdir=/tmp


        Rscript src/plot_score.R             --input results/popoolation/plot/D/pop2.D.tsv.gz             --output results/popoolation/plot/D/pop2.D.pdf         2> results/popoolation/plot/D/pop2.D.plot.log
        
Activating conda environment: popoolation
Write-protecting output file results/popoolation/plot/D/pop2.D.pdf.
[Wed Jul 12 14:01:54 2023]
Finished job 25.
29 of 74 steps (39%) done
Select jobs to execute...

[Wed Jul 12 14:01:54 2023]
rule popoolation_variance_sliding:
    input: results/mpileup/sub/pop2/pop2.2R.mpileup.gz
    output: results/popoolation/tables/theta/pop2.2R.theta.snps, results/popoolation/tables/theta/pop2.2R.theta.tsv
    log: results/popoolation/tables/theta/pop2.2R.theta.log
    jobid: 50
    benchmark: results/popoolation/tables/theta/pop2.2R.theta.json
    reason: Missing output files: results/popoolation/tables/theta/pop2.2R.theta.tsv; Input files updated by another job: results/mpileup/sub/pop2/pop2.2R.mpileup.gz
    wildcards: analysis=theta, population=pop2, chromosome=2R
    resources: tmpdir=/tmp


        perl src/popoolation_1.2.2/Variance-sliding.pl             --measure theta             --fastq-type sanger             --min-count 2             --min-coverage 4             --max-coverage 200             --min-covered-fraction 0.5             --pool-size 200             --window-size 1000             --step-size 1000             --input <(gzip --decompress --stdout results/mpileup/sub/pop2/pop2.2R.mpileup.gz)             --output results/popoolation/tables/theta/pop2.2R.theta.tsv             --snp-output results/popoolation/tables/theta/pop2.2R.theta.snps         2> results/popoolation/tables/theta/pop2.2R.theta.log 1>&2
        
Activating conda environment: popoolation
[Wed Jul 12 14:02:02 2023]
Finished job 50.
30 of 74 steps (41%) done
Select jobs to execute...

[Wed Jul 12 14:02:02 2023]
rule popoolation_merge_variance_sliding:
    input: results/popoolation/tables/theta/pop2.2R.theta.tsv
    output: results/popoolation/plot/theta/pop2.theta.tsv.gz
    log: results/popoolation/plot/theta/pop2.theta.merge_vs.log
    jobid: 49
    benchmark: results/popoolation/plot/theta/pop2.theta.merge_vs.json
    reason: Missing output files: results/popoolation/plot/theta/pop2.theta.tsv.gz; Input files updated by another job: results/popoolation/tables/theta/pop2.2R.theta.tsv
    wildcards: analysis=theta, population=pop2
    resources: tmpdir=/tmp

(bash src/variance_sliding_to_genomic_score.sh results/popoolation/tables/theta/pop2.2R.theta.tsv | pigz --best --processes 1 > results/popoolation/plot/theta/pop2.theta.tsv.gz) 2> results/popoolation/plot/theta/pop2.theta.merge_vs.log
Activating conda environment: popoolation
Write-protecting output file results/popoolation/plot/theta/pop2.theta.tsv.gz.
[Wed Jul 12 14:02:03 2023]
Finished job 49.
31 of 74 steps (42%) done
Select jobs to execute...

[Wed Jul 12 14:02:03 2023]
rule reports_samtools_flagstat:
    input: results/map/raw/pop2.lib1.cram
    output: results/map/raw/pop2.lib1.flagstat.txt
    log: results/map/raw/pop2.lib1.flagstat.log
    jobid: 72
    benchmark: results/map/raw/pop2.lib1.flagstat.bmk
    reason: Missing output files: results/map/raw/pop2.lib1.flagstat.txt; Input files updated by another job: results/map/raw/pop2.lib1.cram
    wildcards: filename=results/map/raw/pop2.lib1
    resources: tmpdir=/tmp

samtools flagstat results/map/raw/pop2.lib1.cram > results/map/raw/pop2.lib1.flagstat.txt 2> results/map/raw/pop2.lib1.flagstat.log
Activating conda environment: reports
[Wed Jul 12 14:02:05 2023]
Finished job 72.
32 of 74 steps (43%) done
Select jobs to execute...

[Wed Jul 12 14:02:05 2023]
rule popoolation_variance_sliding:
    input: results/mpileup/sub/pop2/pop2.2R.mpileup.gz
    output: results/popoolation/tables/pi/pop2.2R.pi.snps, results/popoolation/tables/pi/pop2.2R.pi.tsv
    log: results/popoolation/tables/pi/pop2.2R.pi.log
    jobid: 44
    benchmark: results/popoolation/tables/pi/pop2.2R.pi.json
    reason: Missing output files: results/popoolation/tables/pi/pop2.2R.pi.tsv; Input files updated by another job: results/mpileup/sub/pop2/pop2.2R.mpileup.gz
    wildcards: analysis=pi, population=pop2, chromosome=2R
    resources: tmpdir=/tmp


        perl src/popoolation_1.2.2/Variance-sliding.pl             --measure pi             --fastq-type sanger             --min-count 2             --min-coverage 4             --max-coverage 200             --min-covered-fraction 0.5             --pool-size 200             --window-size 1000             --step-size 1000             --input <(gzip --decompress --stdout results/mpileup/sub/pop2/pop2.2R.mpileup.gz)             --output results/popoolation/tables/pi/pop2.2R.pi.tsv             --snp-output results/popoolation/tables/pi/pop2.2R.pi.snps         2> results/popoolation/tables/pi/pop2.2R.pi.log 1>&2
        
Activating conda environment: popoolation
[Wed Jul 12 14:02:14 2023]
Finished job 44.
33 of 74 steps (45%) done
Select jobs to execute...

[Wed Jul 12 14:02:14 2023]
rule popoolation_merge_variance_sliding:
    input: results/popoolation/tables/pi/pop2.2R.pi.tsv
    output: results/popoolation/plot/pi/pop2.pi.tsv.gz
    log: results/popoolation/plot/pi/pop2.pi.merge_vs.log
    jobid: 43
    benchmark: results/popoolation/plot/pi/pop2.pi.merge_vs.json
    reason: Missing output files: results/popoolation/plot/pi/pop2.pi.tsv.gz; Input files updated by another job: results/popoolation/tables/pi/pop2.2R.pi.tsv
    wildcards: analysis=pi, population=pop2
    resources: tmpdir=/tmp

(bash src/variance_sliding_to_genomic_score.sh results/popoolation/tables/pi/pop2.2R.pi.tsv | pigz --best --processes 1 > results/popoolation/plot/pi/pop2.pi.tsv.gz) 2> results/popoolation/plot/pi/pop2.pi.merge_vs.log
Activating conda environment: popoolation
Write-protecting output file results/popoolation/plot/pi/pop2.pi.tsv.gz.
[Wed Jul 12 14:02:15 2023]
Finished job 43.
34 of 74 steps (46%) done
Select jobs to execute...

[Wed Jul 12 14:02:15 2023]
rule popoolation_plot:
    input: results/popoolation/plot/theta/pop2.theta.tsv.gz
    output: results/popoolation/plot/theta/pop2.theta.pdf
    log: results/popoolation/plot/theta/pop2.theta.plot.log
    jobid: 48
    benchmark: results/popoolation/plot/theta/pop2.theta.plot.json
    reason: Missing output files: results/popoolation/plot/theta/pop2.theta.pdf; Input files updated by another job: results/popoolation/plot/theta/pop2.theta.tsv.gz
    wildcards: analysis=theta, population=pop2
    resources: tmpdir=/tmp


        Rscript src/plot_score.R             --input results/popoolation/plot/theta/pop2.theta.tsv.gz             --output results/popoolation/plot/theta/pop2.theta.pdf         2> results/popoolation/plot/theta/pop2.theta.plot.log
        
Activating conda environment: popoolation
Write-protecting output file results/popoolation/plot/theta/pop2.theta.pdf.
[Wed Jul 12 14:02:19 2023]
Finished job 48.
35 of 74 steps (47%) done
Select jobs to execute...

[Wed Jul 12 14:02:19 2023]
rule decompress:
    input: results/raw/pop1.lib2_1.fq.gz, results/raw/pop1.lib2_2.fq.gz
    output: results/raw/pop1.lib2_1.fq, results/raw/pop1.lib2_2.fq
    jobid: 20
    reason: Missing output files: results/raw/pop1.lib2_1.fq, results/raw/pop1.lib2_2.fq; Input files updated by another job: results/raw/pop1.lib2_2.fq.gz, results/raw/pop1.lib2_1.fq.gz
    wildcards: population=pop1, library=lib2
    resources: tmpdir=/tmp


        gzip --decompress --stdout results/raw/pop1.lib2_1.fq.gz > results/raw/pop1.lib2_1.fq
        gzip --decompress --stdout results/raw/pop1.lib2_2.fq.gz > results/raw/pop1.lib2_2.fq
        
[Wed Jul 12 14:02:20 2023]
Finished job 20.
36 of 74 steps (49%) done
Select jobs to execute...

[Wed Jul 12 14:02:20 2023]
rule qc_trimmomatic:
    input: results/raw/pop1.lib2_1.fq, results/raw/pop1.lib2_2.fq
    output: results/qc/pop1.lib2_1.fq, results/qc/pop1.lib2_2.fq, results/qc/pop1.lib2_3.fq, results/qc/pop1.lib2_4.fq
    log: results/qc/pop1.lib2.trimmomatic_pe.log
    jobid: 19
    benchmark: results/qc/pop1.lib2.trimmomatic_pe.json
    reason: Missing output files: results/qc/pop1.lib2_4.fq, results/qc/pop1.lib2_2.fq, results/qc/pop1.lib2_1.fq, results/qc/pop1.lib2_3.fq; Input files updated by another job: results/raw/pop1.lib2_1.fq, results/raw/pop1.lib2_2.fq
    wildcards: population=pop1, library=lib2
    priority: 50
    resources: tmpdir=/tmp


        trimmomatic PE \
            -threads 1 \
            -phred33 \
            results/raw/pop1.lib2_1.fq results/raw/pop1.lib2_2.fq \
            results/qc/pop1.lib2_1.fq results/qc/pop1.lib2_3.fq results/qc/pop1.lib2_2.fq results/qc/pop1.lib2_4.fq \
            ILLUMINACLIP:data/adapters/TruSeq3-PE-2.fa:2:30:10 \
            AVGQUAL:3 MINLEN:31 LEADING:19 TRAILING:19 MINLEN:31 SLIDINGWINDOW:4:5 LEADING:5 TRAILING:5 MINLEN:25 TOPHRED33 \
            2> results/qc/pop1.lib2.trimmomatic_pe.log 1>&2
        
Activating conda environment: qc
[Wed Jul 12 14:02:25 2023]
Finished job 19.
37 of 74 steps (50%) done
Select jobs to execute...

[Wed Jul 12 14:02:26 2023]
rule map_bwa_map:
    input: results/qc/pop1.lib2_1.fq, results/qc/pop1.lib2_2.fq, results/qc/pop1.lib2_3.fq, results/qc/pop1.lib2_4.fq, results/index/genome, results/raw/genome.fa
    output: results/map/raw/pop1.lib2.cram
    log: results/map/raw/pop1.lib2.bwa_mem.log
    jobid: 18
    benchmark: results/map/raw/pop1.lib2.bwa_mem.json
    reason: Missing output files: results/map/raw/pop1.lib2.cram; Input files updated by another job: results/qc/pop1.lib2_4.fq, results/qc/pop1.lib2_2.fq, results/index/genome, results/qc/pop1.lib2_1.fq, results/qc/pop1.lib2_3.fq, results/raw/genome.fa
    wildcards: population=pop1, library=lib2
    resources: tmpdir=/tmp


        (bwa mem             -M             -R '@RG	ID:pop1_lib2	LB:truseq_lib2	PL:Illumina	SM:pop1'             -t 1                          results/index/genome             results/qc/pop1.lib2_1.fq             results/qc/pop1.lib2_2.fq         | samtools sort             -l 9             -o results/map/raw/pop1.lib2.cram             --reference results/raw/genome.fa             --output-fmt CRAM             -@ 1             /dev/stdin         ) 2> results/map/raw/pop1.lib2.bwa_mem.log
        
Activating conda environment: map
Write-protecting output file results/map/raw/pop1.lib2.cram.
[Wed Jul 12 14:02:53 2023]
Finished job 18.
38 of 74 steps (51%) done
Removing temporary output results/qc/pop1.lib2_4.fq.
Removing temporary output results/qc/pop1.lib2_2.fq.
Removing temporary output results/qc/pop1.lib2_1.fq.
Removing temporary output results/qc/pop1.lib2_3.fq.
Select jobs to execute...

[Wed Jul 12 14:02:53 2023]
rule reports_samtools_flagstat:
    input: results/map/raw/pop1.lib2.cram
    output: results/map/raw/pop1.lib2.flagstat.txt
    log: results/map/raw/pop1.lib2.flagstat.log
    jobid: 69
    benchmark: results/map/raw/pop1.lib2.flagstat.bmk
    reason: Missing output files: results/map/raw/pop1.lib2.flagstat.txt; Input files updated by another job: results/map/raw/pop1.lib2.cram
    wildcards: filename=results/map/raw/pop1.lib2
    resources: tmpdir=/tmp

samtools flagstat results/map/raw/pop1.lib2.cram > results/map/raw/pop1.lib2.flagstat.txt 2> results/map/raw/pop1.lib2.flagstat.log
Activating conda environment: reports
[Wed Jul 12 14:02:55 2023]
Finished job 69.
39 of 74 steps (53%) done
Select jobs to execute...

[Wed Jul 12 14:02:55 2023]
rule reports_samtools_stats:
    input: results/map/raw/pop1.lib2.cram
    output: results/map/raw/pop1.lib2.stats.tsv
    log: results/map/raw/pop1.lib2.stats.log
    jobid: 68
    benchmark: results/map/raw/pop1.lib2.stats.bmk
    reason: Missing output files: results/map/raw/pop1.lib2.stats.tsv; Input files updated by another job: results/map/raw/pop1.lib2.cram
    wildcards: filename=results/map/raw/pop1.lib2
    resources: tmpdir=/tmp

samtools stats results/map/raw/pop1.lib2.cram > results/map/raw/pop1.lib2.stats.tsv 2>&1
Activating conda environment: reports
[Wed Jul 12 14:02:58 2023]
Finished job 68.
40 of 74 steps (54%) done
Select jobs to execute...

[Wed Jul 12 14:02:58 2023]
rule index_cram:
    input: results/map/raw/pop1.lib2.cram
    output: results/map/raw/pop1.lib2.cram.crai
    jobid: 22
    reason: Missing output files: results/map/raw/pop1.lib2.cram.crai; Input files updated by another job: results/map/raw/pop1.lib2.cram
    wildcards: filename=results/map/raw/pop1.lib2
    resources: tmpdir=/tmp

samtools index results/map/raw/pop1.lib2.cram
Activating conda environment: generic
[Wed Jul 12 14:02:58 2023]
Finished job 22.
41 of 74 steps (55%) done
Select jobs to execute...

[Wed Jul 12 14:02:58 2023]
rule map_split:
    input: results/map/raw/pop1.lib2.cram, results/map/raw/pop1.lib2.cram.crai, results/raw/genome.fa
    output: results/map/split/pop1.lib2.2R.bam
    log: results/map/split/pop1.lib2.2R.log
    jobid: 17
    benchmark: results/map/split/pop1.lib2.2R.json
    reason: Missing output files: results/map/split/pop1.lib2.2R.bam; Input files updated by another job: results/raw/genome.fa, results/map/raw/pop1.lib2.cram.crai, results/map/raw/pop1.lib2.cram
    wildcards: population=pop1, library=lib2, chromosome=2R
    resources: tmpdir=/tmp


        samtools view             -u             -T results/raw/genome.fa             -o results/map/split/pop1.lib2.2R.bam             results/map/raw/pop1.lib2.cram             2R         2> results/map/split/pop1.lib2.2R.log
        
Activating conda environment: map
[Wed Jul 12 14:02:59 2023]
Finished job 17.
42 of 74 steps (57%) done
Select jobs to execute...

[Wed Jul 12 14:02:59 2023]
rule map_filter:
    input: results/map/split/pop1.lib2.2R.bam, results/raw/genome.fa
    output: results/map/filt/pop1.lib2.2R.cram, results/map/filt/pop1.lib2.2R.dupstats
    log: results/map/filt/pop1.lib2.2R.log
    jobid: 16
    benchmark: results/map/filt/pop1.lib2.2R.json
    reason: Missing output files: results/map/filt/pop1.lib2.2R.cram; Input files updated by another job: results/raw/genome.fa, results/map/split/pop1.lib2.2R.bam
    wildcards: population=pop1, library=lib2, chromosome=2R
    resources: tmpdir=/tmp, memory_gb=1


        (picard -Xmx1g MarkDuplicates             INPUT=results/map/split/pop1.lib2.2R.bam             OUTPUT=/dev/stdout             METRICS_FILE=results/map/filt/pop1.lib2.2R.dupstats             ASSUME_SORT_ORDER=coordinate             VALIDATION_STRINGENCY=SILENT             COMPRESSION_LEVEL=0             REMOVE_DUPLICATES=true             QUIET=false         | samtools view             -q 20             -f 0x0002  `# read mapped in proper pair. Leave only`             -F 0x0004  `# read unmapped. Throw away`             -F 0x0008  `# mate unmapped. Throw away`             -u             -         | samtools sort             -l 9             -o results/map/filt/pop1.lib2.2R.cram             --reference results/raw/genome.fa             --output-fmt CRAM             /dev/stdin         ) 2> results/map/filt/pop1.lib2.2R.log
        
Activating conda environment: map
Write-protecting output file results/map/filt/pop1.lib2.2R.cram.
[Wed Jul 12 14:03:22 2023]
Finished job 16.
43 of 74 steps (58%) done
Removing temporary output results/map/split/pop1.lib2.2R.bam.
Select jobs to execute...

[Wed Jul 12 14:03:22 2023]
rule reports_samtools_idxstats:
    input: results/map/raw/pop1.lib2.cram, results/map/raw/pop1.lib2.cram.crai
    output: results/map/raw/pop1.lib2.idxstats.txt
    log: results/map/raw/pop1.lib2.idxstats.log
    jobid: 70
    benchmark: results/map/raw/pop1.lib2.idxstats.bmk
    reason: Missing output files: results/map/raw/pop1.lib2.idxstats.txt; Input files updated by another job: results/map/raw/pop1.lib2.cram.crai, results/map/raw/pop1.lib2.cram
    wildcards: filename=results/map/raw/pop1.lib2
    resources: tmpdir=/tmp

samtools idxstats results/map/raw/pop1.lib2.cram > results/map/raw/pop1.lib2.idxstats.txt 2> results/map/raw/pop1.lib2.idxstats.log
Activating conda environment: reports
[Wed Jul 12 14:03:24 2023]
Finished job 70.
44 of 74 steps (59%) done
Select jobs to execute...

[Wed Jul 12 14:03:24 2023]
rule popoolation_plot:
    input: results/popoolation/plot/pi/pop2.pi.tsv.gz
    output: results/popoolation/plot/pi/pop2.pi.pdf
    log: results/popoolation/plot/pi/pop2.pi.plot.log
    jobid: 42
    benchmark: results/popoolation/plot/pi/pop2.pi.plot.json
    reason: Missing output files: results/popoolation/plot/pi/pop2.pi.pdf; Input files updated by another job: results/popoolation/plot/pi/pop2.pi.tsv.gz
    wildcards: analysis=pi, population=pop2
    resources: tmpdir=/tmp


        Rscript src/plot_score.R             --input results/popoolation/plot/pi/pop2.pi.tsv.gz             --output results/popoolation/plot/pi/pop2.pi.pdf         2> results/popoolation/plot/pi/pop2.pi.plot.log
        
Activating conda environment: popoolation
Write-protecting output file results/popoolation/plot/pi/pop2.pi.pdf.
[Wed Jul 12 14:03:29 2023]
Finished job 42.
45 of 74 steps (61%) done
Select jobs to execute...

[Wed Jul 12 14:03:29 2023]
rule index_cram:
    input: results/map/raw/pop1.lib1.cram
    output: results/map/raw/pop1.lib1.cram.crai
    jobid: 15
    reason: Missing output files: results/map/raw/pop1.lib1.cram.crai; Input files updated by another job: results/map/raw/pop1.lib1.cram
    wildcards: filename=results/map/raw/pop1.lib1
    resources: tmpdir=/tmp

samtools index results/map/raw/pop1.lib1.cram
Activating conda environment: generic
[Wed Jul 12 14:03:29 2023]
Finished job 15.
46 of 74 steps (62%) done
Select jobs to execute...

[Wed Jul 12 14:03:29 2023]
rule map_split:
    input: results/map/raw/pop1.lib1.cram, results/map/raw/pop1.lib1.cram.crai, results/raw/genome.fa
    output: results/map/split/pop1.lib1.2R.bam
    log: results/map/split/pop1.lib1.2R.log
    jobid: 8
    benchmark: results/map/split/pop1.lib1.2R.json
    reason: Missing output files: results/map/split/pop1.lib1.2R.bam; Input files updated by another job: results/raw/genome.fa, results/map/raw/pop1.lib1.cram, results/map/raw/pop1.lib1.cram.crai
    wildcards: population=pop1, library=lib1, chromosome=2R
    resources: tmpdir=/tmp


        samtools view             -u             -T results/raw/genome.fa             -o results/map/split/pop1.lib1.2R.bam             results/map/raw/pop1.lib1.cram             2R         2> results/map/split/pop1.lib1.2R.log
        
Activating conda environment: map
[Wed Jul 12 14:03:30 2023]
Finished job 8.
47 of 74 steps (64%) done
Select jobs to execute...

[Wed Jul 12 14:03:30 2023]
rule map_filter:
    input: results/map/split/pop1.lib1.2R.bam, results/raw/genome.fa
    output: results/map/filt/pop1.lib1.2R.cram, results/map/filt/pop1.lib1.2R.dupstats
    log: results/map/filt/pop1.lib1.2R.log
    jobid: 7
    benchmark: results/map/filt/pop1.lib1.2R.json
    reason: Missing output files: results/map/filt/pop1.lib1.2R.cram; Input files updated by another job: results/raw/genome.fa, results/map/split/pop1.lib1.2R.bam
    wildcards: population=pop1, library=lib1, chromosome=2R
    resources: tmpdir=/tmp, memory_gb=1


        (picard -Xmx1g MarkDuplicates             INPUT=results/map/split/pop1.lib1.2R.bam             OUTPUT=/dev/stdout             METRICS_FILE=results/map/filt/pop1.lib1.2R.dupstats             ASSUME_SORT_ORDER=coordinate             VALIDATION_STRINGENCY=SILENT             COMPRESSION_LEVEL=0             REMOVE_DUPLICATES=true             QUIET=false         | samtools view             -q 20             -f 0x0002  `# read mapped in proper pair. Leave only`             -F 0x0004  `# read unmapped. Throw away`             -F 0x0008  `# mate unmapped. Throw away`             -u             -         | samtools sort             -l 9             -o results/map/filt/pop1.lib1.2R.cram             --reference results/raw/genome.fa             --output-fmt CRAM             /dev/stdin         ) 2> results/map/filt/pop1.lib1.2R.log
        
Activating conda environment: map
Write-protecting output file results/map/filt/pop1.lib1.2R.cram.
[Wed Jul 12 14:03:53 2023]
Finished job 7.
48 of 74 steps (65%) done
Removing temporary output results/map/split/pop1.lib1.2R.bam.
Select jobs to execute...

[Wed Jul 12 14:03:53 2023]
rule mpileup_convert:
    input: results/map/filt/pop1.lib1.2R.cram, results/map/filt/pop1.lib2.2R.cram, results/raw/genome.fa, results/raw/genome.fa.fai
    output: results/mpileup/raw/pop1/pop1.2R.mpileup.gz
    log: results/mpileup/raw/pop1/pop1.2R.log
    jobid: 6
    benchmark: results/mpileup/raw/pop1/pop1.2R.json
    reason: Missing output files: results/mpileup/raw/pop1/pop1.2R.mpileup.gz; Input files updated by another job: results/raw/genome.fa, results/map/filt/pop1.lib2.2R.cram, results/map/filt/pop1.lib1.2R.cram, results/raw/genome.fa.fai
    wildcards: population=pop1, chromosome=2R
    resources: tmpdir=/tmp


        (samtools merge             -u             --reference results/raw/genome.fa             -             results/map/filt/pop1.lib1.2R.cram results/map/filt/pop1.lib2.2R.cram         | samtools mpileup             -a             --no-BAQ             --min-BQ 0             --fasta-ref results/raw/genome.fa             -         | gzip             --best         > results/mpileup/raw/pop1/pop1.2R.mpileup.gz         ) 2> results/mpileup/raw/pop1/pop1.2R.log
        
Activating conda environment: mpileup
[Wed Jul 12 14:04:19 2023]
Finished job 6.
49 of 74 steps (66%) done
Select jobs to execute...

[Wed Jul 12 14:04:19 2023]
rule reports_samtools_idxstats:
    input: results/map/raw/pop1.lib1.cram, results/map/raw/pop1.lib1.cram.crai
    output: results/map/raw/pop1.lib1.idxstats.txt
    log: results/map/raw/pop1.lib1.idxstats.log
    jobid: 67
    benchmark: results/map/raw/pop1.lib1.idxstats.bmk
    reason: Missing output files: results/map/raw/pop1.lib1.idxstats.txt; Input files updated by another job: results/map/raw/pop1.lib1.cram, results/map/raw/pop1.lib1.cram.crai
    wildcards: filename=results/map/raw/pop1.lib1
    resources: tmpdir=/tmp

samtools idxstats results/map/raw/pop1.lib1.cram > results/map/raw/pop1.lib1.idxstats.txt 2> results/map/raw/pop1.lib1.idxstats.log
Activating conda environment: reports
[Wed Jul 12 14:04:20 2023]
Finished job 67.
50 of 74 steps (68%) done
Select jobs to execute...

[Wed Jul 12 14:04:21 2023]
rule sync_identify_indels:
    input: results/mpileup/raw/pop1/pop1.2R.mpileup.gz, results/mpileup/raw/pop2/pop2.2R.mpileup.gz
    output: results/sync/filt/2R.gtf
    log: results/sync/filt/2R.identify_indels.log
    jobid: 64
    benchmark: results/sync/filt/2R.identify_indels.bmk
    reason: Missing output files: results/sync/filt/2R.gtf; Input files updated by another job: results/mpileup/raw/pop1/pop1.2R.mpileup.gz, results/mpileup/raw/pop2/pop2.2R.mpileup.gz
    wildcards: chromosome=2R
    resources: tmpdir=/tmp


        (eval             paste <(gzip -dc results/mpileup/raw/pop1/pop1.2R.mpileup.gz | cut -f 1-3)             '<(gzip -dc '{results/mpileup/raw/pop1/pop1.2R.mpileup.gz,results/mpileup/raw/pop2/pop2.2R.mpileup.gz}' | cut -f 4-6 )'         | perl src/popoolation2_1201/indel_filtering/identify-indel-regions.pl             --input /dev/stdin             --output results/sync/filt/2R.gtf             --indel-window 5             --min-count 5)         2> results/sync/filt/2R.identify_indels.log 1>&2
        
Activating conda environment: sync
[Wed Jul 12 14:04:29 2023]
Finished job 64.
51 of 74 steps (69%) done
Select jobs to execute...

[Wed Jul 12 14:04:29 2023]
rule sync_filter_indels:
    input: results/mpileup/raw/pop1/pop1.2R.mpileup.gz, results/mpileup/raw/pop2/pop2.2R.mpileup.gz, results/sync/filt/2R.gtf
    output: results/sync/filt/2R.mpileup, results/sync/filt/2R.mpileup.gz
    log: results/sync/filt/2R.filter_indels.log
    jobid: 63
    benchmark: results/sync/filt/2R.filter_indels.bmk
    reason: Missing output files: results/sync/filt/2R.mpileup.gz; Input files updated by another job: results/mpileup/raw/pop1/pop1.2R.mpileup.gz, results/sync/filt/2R.gtf, results/mpileup/raw/pop2/pop2.2R.mpileup.gz
    wildcards: chromosome=2R
    resources: tmpdir=/tmp


        mkfifo results/sync/filt/2R.mpileup

        (cat results/sync/filt/2R.mpileup | gzip --fast > results/sync/filt/2R.mpileup.gz &)

        (eval             paste <(gzip -dc results/mpileup/raw/pop1/pop1.2R.mpileup.gz | cut -f 1-3)             '<(gzip -dc '{results/mpileup/raw/pop1/pop1.2R.mpileup.gz,results/mpileup/raw/pop2/pop2.2R.mpileup.gz}' | cut -f 4-6 )'         | perl src/popoolation2_1201/indel_filtering/filter-sync-by-gtf.pl             --input /dev/stdin             --gtf results/sync/filt/2R.gtf             --output results/sync/filt/2R.mpileup)         2> results/sync/filt/2R.filter_indels.log 1>&2
        
Activating conda environment: sync
[Wed Jul 12 14:04:38 2023]
Finished job 63.
52 of 74 steps (70%) done
Removing temporary output results/sync/filt/2R.gtf.
Removing temporary output results/sync/filt/2R.mpileup.
Select jobs to execute...

[Wed Jul 12 14:04:38 2023]
rule sync_mpileup2sync:
    input: results/sync/filt/2R.mpileup.gz
    output: results/sync/mpileup2sync/2R.sync
    log: results/sync/mpileup2sync/2R.log
    jobid: 62
    benchmark: results/sync/mpileup2sync/2R.json
    reason: Missing output files: results/sync/mpileup2sync/2R.sync; Input files updated by another job: results/sync/filt/2R.mpileup.gz
    wildcards: chromosome=2R
    resources: tmpdir=/tmp, memory_gb=2


        (gzip --decompress --stdout results/sync/filt/2R.mpileup.gz         | java -Xmx2g -jar src/popoolation2_1201/mpileup2sync.jar             --input /dev/stdin             --output results/sync/mpileup2sync/2R.sync             --fastq-type sanger             --min-qual 20             --threads 1         || true)         2> results/sync/mpileup2sync/2R.log 1>&2
        
Activating conda environment: sync
[Wed Jul 12 14:04:46 2023]
Finished job 62.
53 of 74 steps (72%) done
Select jobs to execute...

[Wed Jul 12 14:04:46 2023]
rule sync_subsample:
    input: results/sync/mpileup2sync/2R.sync
    output: results/sync/subsampled/2R.sync
    log: results/sync/subsampled/2R.log
    jobid: 61
    benchmark: results/sync/subsampled/2R.json
    reason: Missing output files: results/sync/subsampled/2R.sync; Input files updated by another job: results/sync/mpileup2sync/2R.sync
    wildcards: chromosome=2R
    resources: tmpdir=/tmp


        perl src/popoolation2_1201/subsample-synchronized.pl             --input results/sync/mpileup2sync/2R.sync             --output results/sync/subsampled/2R.sync             --target-coverage 10             --max-coverage 200,200             --method withoutreplace         2> results/sync/subsampled/2R.log 1>&2
        
Activating conda environment: sync
[Wed Jul 12 14:05:05 2023]
Finished job 61.
54 of 74 steps (73%) done
Removing temporary output results/sync/mpileup2sync/2R.sync.
Select jobs to execute...

[Wed Jul 12 14:05:05 2023]
rule fst_sliding:
    input: results/sync/subsampled/2R.sync
    output: results/fst/tables/2R.tsv, results/fst/tables/2R.tsv.gz
    log: results/fst/tables/2R.log
    jobid: 60
    benchmark: results/fst/tables/2R.json
    reason: Missing output files: results/fst/tables/2R.tsv; Input files updated by another job: results/sync/subsampled/2R.sync
    wildcards: chromosome=2R
    resources: tmpdir=/tmp


        perl src/popoolation2_1201/fst-sliding.pl             --window-size 1             --step-size 1             --suppress-noninformative             --input results/sync/subsampled/2R.sync             --min-covered-fraction 1.0             --min-coverage 4             --max-coverage 200             --min-count 3             --output results/fst/tables/2R.tsv             --pool-size 500:200         2> results/fst/tables/2R.log 1>&2
        gzip --best --stdout results/fst/tables/2R.tsv > results/fst/tables/2R.tsv.gz 2>> results/fst/tables/2R.log
        
Activating conda environment: fst
Write-protecting output file results/fst/tables/2R.tsv.gz.
[Wed Jul 12 14:05:26 2023]
Finished job 60.
55 of 74 steps (74%) done
Removing temporary output results/sync/subsampled/2R.sync.
Select jobs to execute...

[Wed Jul 12 14:05:26 2023]
rule fst_merge:
    input: results/fst/tables/2R.tsv
    output: results/fst/plot/all.tsv.gz
    log: results/fst/plot/merge.log
    jobid: 59
    benchmark: results/fst/plot/merge.json
    reason: Missing output files: results/fst/plot/all.tsv.gz; Input files updated by another job: results/fst/tables/2R.tsv
    resources: tmpdir=/tmp

pigz --best --stdout results/fst/tables/2R.tsv > results/fst/plot/all.tsv.gz
Activating conda environment: fst
Write-protecting output file results/fst/plot/all.tsv.gz.
[Wed Jul 12 14:05:28 2023]
Finished job 59.
56 of 74 steps (76%) done
Removing temporary output results/fst/tables/2R.tsv.
Select jobs to execute...

[Wed Jul 12 14:05:28 2023]
rule mpileup_popoolation_identify_indels:
    input: results/mpileup/raw/pop1/pop1.2R.mpileup.gz
    output: results/mpileup/filt/pop1/pop1.2R.gtf
    log: results/mpileup/filt/pop1/pop1.2R.gtf.log
    jobid: 24
    benchmark: results/mpileup/filt/pop1/pop1.2R.gtf.json
    reason: Missing output files: results/mpileup/filt/pop1/pop1.2R.gtf; Input files updated by another job: results/mpileup/raw/pop1/pop1.2R.mpileup.gz
    wildcards: population=pop1, chromosome=2R
    resources: tmpdir=/tmp


        perl src/popoolation_1.2.2/basic-pipeline/identify-genomic-indel-regions.pl             --input <(gzip --decompress --stdout results/mpileup/raw/pop1/pop1.2R.mpileup.gz)             --output results/mpileup/filt/pop1/pop1.2R.gtf             --indel-window 5             --min-count 2         2>results/mpileup/filt/pop1/pop1.2R.gtf.log 1>&2
        
Activating conda environment: mpileup
[Wed Jul 12 14:05:30 2023]
Finished job 24.
57 of 74 steps (77%) done
Select jobs to execute...

[Wed Jul 12 14:05:30 2023]
rule mpileup_popoolation_filter_indels:
    input: results/mpileup/raw/pop1/pop1.2R.mpileup.gz, results/mpileup/filt/pop1/pop1.2R.gtf
    output: results/mpileup/filt/pop1/pop1.2R.mpileup, results/mpileup/filt/pop1/pop1.2R.mpileup.gz
    log: results/mpileup/filt/pop1/pop1.2R.mpileup.log
    jobid: 5
    benchmark: results/mpileup/filt/pop1/pop1.2R.mpileup.json
    reason: Missing output files: results/mpileup/filt/pop1/pop1.2R.mpileup.gz; Input files updated by another job: results/mpileup/raw/pop1/pop1.2R.mpileup.gz, results/mpileup/filt/pop1/pop1.2R.gtf
    wildcards: population=pop1, chromosome=2R
    resources: tmpdir=/tmp


        mkfifo results/mpileup/filt/pop1/pop1.2R.mpileup

        (cat results/mpileup/filt/pop1/pop1.2R.mpileup | gzip --fast > results/mpileup/filt/pop1/pop1.2R.mpileup.gz &)

        perl src/popoolation_1.2.2/basic-pipeline/filter-pileup-by-gtf.pl             --input <(gzip --decompress --stdout results/mpileup/raw/pop1/pop1.2R.mpileup.gz)             --gtf results/mpileup/filt/pop1/pop1.2R.gtf             --output results/mpileup/filt/pop1/pop1.2R.mpileup         2> results/mpileup/filt/pop1/pop1.2R.mpileup.log 1>&2
        
Activating conda environment: mpileup
[Wed Jul 12 14:05:34 2023]
Finished job 5.
58 of 74 steps (78%) done
Removing temporary output results/mpileup/filt/pop1/pop1.2R.gtf.
Removing temporary output results/mpileup/filt/pop1/pop1.2R.mpileup.
Select jobs to execute...

[Wed Jul 12 14:05:34 2023]
rule mpileup_popoolation_subsample:
    input: results/mpileup/filt/pop1/pop1.2R.mpileup.gz
    output: results/mpileup/sub/pop1/pop1.2R.mpileup, results/mpileup/sub/pop1/pop1.2R.mpileup.gz
    log: results/mpileup/sub/pop1/pop1.2R.log
    jobid: 4
    benchmark: results/mpileup/sub/pop1/pop1.2R.json
    reason: Missing output files: results/mpileup/sub/pop1/pop1.2R.mpileup.gz; Input files updated by another job: results/mpileup/filt/pop1/pop1.2R.mpileup.gz
    wildcards: population=pop1, chromosome=2R
    resources: tmpdir=/tmp


        mkfifo results/mpileup/sub/pop1/pop1.2R.mpileup;

        (cat results/mpileup/sub/pop1/pop1.2R.mpileup | gzip --best > results/mpileup/sub/pop1/pop1.2R.mpileup.gz &)

        perl src/popoolation_1.2.2/basic-pipeline/subsample-pileup.pl             --min-qual 20             --method withoutreplace             --max-coverage 200             --fastq-type sanger             --target-coverage 10             --input <(gzip -dc results/mpileup/filt/pop1/pop1.2R.mpileup.gz)             --output results/mpileup/sub/pop1/pop1.2R.mpileup         2> results/mpileup/sub/pop1/pop1.2R.log 1>&2
        
Activating conda environment: mpileup
Write-protecting output file results/mpileup/sub/pop1/pop1.2R.mpileup.gz.
[Wed Jul 12 14:07:12 2023]
Finished job 4.
59 of 74 steps (80%) done
Removing temporary output results/mpileup/filt/pop1/pop1.2R.mpileup.gz.
Removing temporary output results/mpileup/sub/pop1/pop1.2R.mpileup.
Select jobs to execute...

[Wed Jul 12 14:07:12 2023]
rule popoolation_variance_sliding:
    input: results/mpileup/sub/pop1/pop1.2R.mpileup.gz
    output: results/popoolation/tables/theta/pop1.2R.theta.snps, results/popoolation/tables/theta/pop1.2R.theta.tsv
    log: results/popoolation/tables/theta/pop1.2R.theta.log
    jobid: 47
    benchmark: results/popoolation/tables/theta/pop1.2R.theta.json
    reason: Missing output files: results/popoolation/tables/theta/pop1.2R.theta.tsv; Input files updated by another job: results/mpileup/sub/pop1/pop1.2R.mpileup.gz
    wildcards: analysis=theta, population=pop1, chromosome=2R
    resources: tmpdir=/tmp


        perl src/popoolation_1.2.2/Variance-sliding.pl             --measure theta             --fastq-type sanger             --min-count 2             --min-coverage 4             --max-coverage 200             --min-covered-fraction 0.5             --pool-size 500             --window-size 1000             --step-size 1000             --input <(gzip --decompress --stdout results/mpileup/sub/pop1/pop1.2R.mpileup.gz)             --output results/popoolation/tables/theta/pop1.2R.theta.tsv             --snp-output results/popoolation/tables/theta/pop1.2R.theta.snps         2> results/popoolation/tables/theta/pop1.2R.theta.log 1>&2
        
Activating conda environment: popoolation
[Wed Jul 12 14:07:20 2023]
Finished job 47.
60 of 74 steps (81%) done
Select jobs to execute...

[Wed Jul 12 14:07:21 2023]
rule popoolation_variance_sliding:
    input: results/mpileup/sub/pop1/pop1.2R.mpileup.gz
    output: results/popoolation/tables/pi/pop1.2R.pi.snps, results/popoolation/tables/pi/pop1.2R.pi.tsv
    log: results/popoolation/tables/pi/pop1.2R.pi.log
    jobid: 41
    benchmark: results/popoolation/tables/pi/pop1.2R.pi.json
    reason: Missing output files: results/popoolation/tables/pi/pop1.2R.pi.tsv; Input files updated by another job: results/mpileup/sub/pop1/pop1.2R.mpileup.gz
    wildcards: analysis=pi, population=pop1, chromosome=2R
    resources: tmpdir=/tmp


        perl src/popoolation_1.2.2/Variance-sliding.pl             --measure pi             --fastq-type sanger             --min-count 2             --min-coverage 4             --max-coverage 200             --min-covered-fraction 0.5             --pool-size 500             --window-size 1000             --step-size 1000             --input <(gzip --decompress --stdout results/mpileup/sub/pop1/pop1.2R.mpileup.gz)             --output results/popoolation/tables/pi/pop1.2R.pi.tsv             --snp-output results/popoolation/tables/pi/pop1.2R.pi.snps         2> results/popoolation/tables/pi/pop1.2R.pi.log 1>&2
        
Activating conda environment: popoolation
[Wed Jul 12 14:07:29 2023]
Finished job 41.
61 of 74 steps (82%) done
Select jobs to execute...

[Wed Jul 12 14:07:29 2023]
rule popoolation_merge_variance_sliding:
    input: results/popoolation/tables/theta/pop1.2R.theta.tsv
    output: results/popoolation/plot/theta/pop1.theta.tsv.gz
    log: results/popoolation/plot/theta/pop1.theta.merge_vs.log
    jobid: 46
    benchmark: results/popoolation/plot/theta/pop1.theta.merge_vs.json
    reason: Missing output files: results/popoolation/plot/theta/pop1.theta.tsv.gz; Input files updated by another job: results/popoolation/tables/theta/pop1.2R.theta.tsv
    wildcards: analysis=theta, population=pop1
    resources: tmpdir=/tmp

(bash src/variance_sliding_to_genomic_score.sh results/popoolation/tables/theta/pop1.2R.theta.tsv | pigz --best --processes 1 > results/popoolation/plot/theta/pop1.theta.tsv.gz) 2> results/popoolation/plot/theta/pop1.theta.merge_vs.log
Activating conda environment: popoolation
Write-protecting output file results/popoolation/plot/theta/pop1.theta.tsv.gz.
[Wed Jul 12 14:07:30 2023]
Finished job 46.
62 of 74 steps (84%) done
Select jobs to execute...

[Wed Jul 12 14:07:30 2023]
rule popoolation_merge_variance_sliding:
    input: results/popoolation/tables/pi/pop1.2R.pi.tsv
    output: results/popoolation/plot/pi/pop1.pi.tsv.gz
    log: results/popoolation/plot/pi/pop1.pi.merge_vs.log
    jobid: 40
    benchmark: results/popoolation/plot/pi/pop1.pi.merge_vs.json
    reason: Missing output files: results/popoolation/plot/pi/pop1.pi.tsv.gz; Input files updated by another job: results/popoolation/tables/pi/pop1.2R.pi.tsv
    wildcards: analysis=pi, population=pop1
    resources: tmpdir=/tmp

(bash src/variance_sliding_to_genomic_score.sh results/popoolation/tables/pi/pop1.2R.pi.tsv | pigz --best --processes 1 > results/popoolation/plot/pi/pop1.pi.tsv.gz) 2> results/popoolation/plot/pi/pop1.pi.merge_vs.log
Activating conda environment: popoolation
Write-protecting output file results/popoolation/plot/pi/pop1.pi.tsv.gz.
[Wed Jul 12 14:07:32 2023]
Finished job 40.
63 of 74 steps (85%) done
Select jobs to execute...

[Wed Jul 12 14:07:32 2023]
rule popoolation_plot:
    input: results/popoolation/plot/pi/pop1.pi.tsv.gz
    output: results/popoolation/plot/pi/pop1.pi.pdf
    log: results/popoolation/plot/pi/pop1.pi.plot.log
    jobid: 39
    benchmark: results/popoolation/plot/pi/pop1.pi.plot.json
    reason: Missing output files: results/popoolation/plot/pi/pop1.pi.pdf; Input files updated by another job: results/popoolation/plot/pi/pop1.pi.tsv.gz
    wildcards: analysis=pi, population=pop1
    resources: tmpdir=/tmp


        Rscript src/plot_score.R             --input results/popoolation/plot/pi/pop1.pi.tsv.gz             --output results/popoolation/plot/pi/pop1.pi.pdf         2> results/popoolation/plot/pi/pop1.pi.plot.log
        
Activating conda environment: popoolation
Write-protecting output file results/popoolation/plot/pi/pop1.pi.pdf.
[Wed Jul 12 14:07:36 2023]
Finished job 39.
64 of 74 steps (86%) done
Select jobs to execute...

[Wed Jul 12 14:07:36 2023]
rule popoolation_variance_sliding:
    input: results/mpileup/sub/pop1/pop1.2R.mpileup.gz
    output: results/popoolation/tables/D/pop1.2R.D.snps, results/popoolation/tables/D/pop1.2R.D.tsv
    log: results/popoolation/tables/D/pop1.2R.D.log
    jobid: 3
    benchmark: results/popoolation/tables/D/pop1.2R.D.json
    reason: Missing output files: results/popoolation/tables/D/pop1.2R.D.tsv, results/popoolation/tables/D/pop1.2R.D.snps; Input files updated by another job: results/mpileup/sub/pop1/pop1.2R.mpileup.gz
    wildcards: analysis=D, population=pop1, chromosome=2R
    resources: tmpdir=/tmp


        perl src/popoolation_1.2.2/Variance-sliding.pl             --measure D             --fastq-type sanger             --min-count 2             --min-coverage 4             --max-coverage 200             --min-covered-fraction 0.5             --pool-size 500             --window-size 1000             --step-size 1000             --input <(gzip --decompress --stdout results/mpileup/sub/pop1/pop1.2R.mpileup.gz)             --output results/popoolation/tables/D/pop1.2R.D.tsv             --snp-output results/popoolation/tables/D/pop1.2R.D.snps         2> results/popoolation/tables/D/pop1.2R.D.log 1>&2
        
Activating conda environment: popoolation
[Wed Jul 12 14:07:45 2023]
Finished job 3.
65 of 74 steps (88%) done
Select jobs to execute...

[Wed Jul 12 14:07:45 2023]
rule popoolation_merge_snps:
    input: results/popoolation/tables/D/pop1.2R.D.snps
    output: results/popoolation/plot/D/pop1.D.snps.gz
    jobid: 53
    reason: Missing output files: results/popoolation/plot/D/pop1.D.snps.gz; Input files updated by another job: results/popoolation/tables/D/pop1.2R.D.snps
    wildcards: analysis=D, population=pop1
    resources: tmpdir=/tmp

pigz --processes 1 --best --stdout results/popoolation/tables/D/pop1.2R.D.snps > results/popoolation/plot/D/pop1.D.snps.gz
Activating conda environment: popoolation
Write-protecting output file results/popoolation/plot/D/pop1.D.snps.gz.
[Wed Jul 12 14:07:47 2023]
Finished job 53.
66 of 74 steps (89%) done
Select jobs to execute...

[Wed Jul 12 14:07:47 2023]
rule hp_table_population_chromosome:
    input: results/popoolation/plot/D/pop1.D.snps.gz
    output: results/hp/tables/pop1.tsv.gz
    log: results/hp/tables/pop1.log
    jobid: 52
    benchmark: results/hp/tables/pop1.json
    reason: Missing output files: results/hp/tables/pop1.tsv.gz; Input files updated by another job: results/popoolation/plot/D/pop1.D.snps.gz
    wildcards: population=pop1
    resources: tmpdir=/tmp

(gzip --decompress --stdout results/popoolation/plot/D/pop1.D.snps.gz | python3 src/snps_to_hp.py | pigz --best > results/hp/tables/pop1.tsv.gz) 2> results/hp/tables/pop1.log
Activating conda environment: hp
Write-protecting output file results/hp/tables/pop1.tsv.gz.
[Wed Jul 12 14:07:48 2023]
Finished job 52.
67 of 74 steps (91%) done
Select jobs to execute...

[Wed Jul 12 14:07:48 2023]
rule popoolation_plot:
    input: results/popoolation/plot/theta/pop1.theta.tsv.gz
    output: results/popoolation/plot/theta/pop1.theta.pdf
    log: results/popoolation/plot/theta/pop1.theta.plot.log
    jobid: 45
    benchmark: results/popoolation/plot/theta/pop1.theta.plot.json
    reason: Missing output files: results/popoolation/plot/theta/pop1.theta.pdf; Input files updated by another job: results/popoolation/plot/theta/pop1.theta.tsv.gz
    wildcards: analysis=theta, population=pop1
    resources: tmpdir=/tmp


        Rscript src/plot_score.R             --input results/popoolation/plot/theta/pop1.theta.tsv.gz             --output results/popoolation/plot/theta/pop1.theta.pdf         2> results/popoolation/plot/theta/pop1.theta.plot.log
        
Activating conda environment: popoolation
Write-protecting output file results/popoolation/plot/theta/pop1.theta.pdf.
[Wed Jul 12 14:07:52 2023]
Finished job 45.
68 of 74 steps (92%) done
Select jobs to execute...

[Wed Jul 12 14:07:53 2023]
rule fst_split_table:
    input: results/fst/plot/all.tsv.gz
    output: results/fst/plot/1_2.fst.tsv
    jobid: 58
    reason: Missing output files: results/fst/plot/1_2.fst.tsv; Input files updated by another job: results/fst/plot/all.tsv.gz
    wildcards: pop1=1, pop2=2
    resources: tmpdir=/tmp


        (gzip --decompress --stdout results/fst/plot/all.tsv.gz         | python3 src/fst_to_genomic_score.py             1             2         > results/fst/plot/1_2.fst.tsv)
        
Activating conda environment: fst
[Wed Jul 12 14:07:55 2023]
Finished job 58.
69 of 74 steps (93%) done
Select jobs to execute...

[Wed Jul 12 14:07:55 2023]
rule popoolation_merge_variance_sliding:
    input: results/popoolation/tables/D/pop1.2R.D.tsv
    output: results/popoolation/plot/D/pop1.D.tsv.gz
    log: results/popoolation/plot/D/pop1.D.merge_vs.log
    jobid: 2
    benchmark: results/popoolation/plot/D/pop1.D.merge_vs.json
    reason: Missing output files: results/popoolation/plot/D/pop1.D.tsv.gz; Input files updated by another job: results/popoolation/tables/D/pop1.2R.D.tsv
    wildcards: analysis=D, population=pop1
    resources: tmpdir=/tmp

(bash src/variance_sliding_to_genomic_score.sh results/popoolation/tables/D/pop1.2R.D.tsv | pigz --best --processes 1 > results/popoolation/plot/D/pop1.D.tsv.gz) 2> results/popoolation/plot/D/pop1.D.merge_vs.log
Activating conda environment: popoolation
Write-protecting output file results/popoolation/plot/D/pop1.D.tsv.gz.
[Wed Jul 12 14:07:56 2023]
Finished job 2.
70 of 74 steps (95%) done
Select jobs to execute...

[Wed Jul 12 14:07:56 2023]
rule popoolation_plot:
    input: results/popoolation/plot/D/pop1.D.tsv.gz
    output: results/popoolation/plot/D/pop1.D.pdf
    log: results/popoolation/plot/D/pop1.D.plot.log
    jobid: 1
    benchmark: results/popoolation/plot/D/pop1.D.plot.json
    reason: Missing output files: results/popoolation/plot/D/pop1.D.pdf; Input files updated by another job: results/popoolation/plot/D/pop1.D.tsv.gz
    wildcards: analysis=D, population=pop1
    resources: tmpdir=/tmp


        Rscript src/plot_score.R             --input results/popoolation/plot/D/pop1.D.tsv.gz             --output results/popoolation/plot/D/pop1.D.pdf         2> results/popoolation/plot/D/pop1.D.plot.log
        
Activating conda environment: popoolation
Write-protecting output file results/popoolation/plot/D/pop1.D.pdf.
[Wed Jul 12 14:08:00 2023]
Finished job 1.
71 of 74 steps (96%) done
Select jobs to execute...

[Wed Jul 12 14:08:00 2023]
rule fst_plot:
    input: results/fst/plot/1_2.fst.tsv
    output: results/fst/plot/1_2.pdf
    log: results/fst/plot/plot_1_2.log
    jobid: 57
    benchmark: results/fst/plot/plot_1_2.json
    reason: Missing output files: results/fst/plot/1_2.pdf; Input files updated by another job: results/fst/plot/1_2.fst.tsv
    wildcards: pop1=1, pop2=2
    resources: tmpdir=/tmp


        Rscript src/plot_score.R             --input results/fst/plot/1_2.fst.tsv             --output results/fst/plot/1_2.pdf             --normalize         2> results/fst/plot/plot_1_2.log 1>&2
        
Activating conda environment: fst
[Wed Jul 12 14:08:05 2023]
Finished job 57.
72 of 74 steps (97%) done
Select jobs to execute...

[Wed Jul 12 14:08:05 2023]
rule hp_plot_population:
    input: results/hp/tables/pop1.tsv.gz
    output: results/hp/plot/pop1.pdf
    log: results/hp/plot/pop1.log
    jobid: 51
    benchmark: results/hp/plot/pop1.json
    reason: Missing output files: results/hp/plot/pop1.pdf; Input files updated by another job: results/hp/tables/pop1.tsv.gz
    wildcards: population=pop1
    resources: tmpdir=/tmp


        export LC_ALL=en_US.UTF-8
        export LANG=en_US.UTF-8
        Rscript src/plot_score.R             --input results/hp/tables/pop1.tsv.gz             --output results/hp/plot/pop1.pdf             --logarithm         2> results/hp/plot/pop1.log
        
Activating conda environment: hp
[Wed Jul 12 14:08:09 2023]
Finished job 51.
73 of 74 steps (99%) done
Select jobs to execute...

[Wed Jul 12 14:08:09 2023]
localrule all:
    input: results/popoolation/plot/D/pop1.D.pdf, results/popoolation/plot/D/pop2.D.pdf, results/popoolation/plot/pi/pop1.pi.pdf, results/popoolation/plot/pi/pop2.pi.pdf, results/popoolation/plot/theta/pop1.theta.pdf, results/popoolation/plot/theta/pop2.theta.pdf, results/hp/plot/pop1.pdf, results/hp/plot/pop2.pdf, results/fst/plot/1_2.pdf, results/map/raw/pop1.lib1.stats.tsv, results/map/raw/pop1.lib1.flagstat.txt, results/map/raw/pop1.lib1.idxstats.txt, results/map/raw/pop1.lib2.stats.tsv, results/map/raw/pop1.lib2.flagstat.txt, results/map/raw/pop1.lib2.idxstats.txt, results/map/raw/pop2.lib1.stats.tsv, results/map/raw/pop2.lib1.flagstat.txt, results/map/raw/pop2.lib1.idxstats.txt
    jobid: 0
    reason: Input files updated by another job: results/popoolation/plot/theta/pop2.theta.pdf, results/hp/plot/pop2.pdf, results/map/raw/pop1.lib2.flagstat.txt, results/map/raw/pop1.lib2.stats.tsv, results/hp/plot/pop1.pdf, results/popoolation/plot/D/pop2.D.pdf, results/map/raw/pop2.lib1.idxstats.txt, results/map/raw/pop1.lib2.idxstats.txt, results/popoolation/plot/D/pop1.D.pdf, results/fst/plot/1_2.pdf, results/popoolation/plot/theta/pop1.theta.pdf, results/popoolation/plot/pi/pop1.pi.pdf, results/map/raw/pop1.lib1.idxstats.txt, results/map/raw/pop1.lib1.flagstat.txt, results/map/raw/pop2.lib1.stats.tsv, results/map/raw/pop1.lib1.stats.tsv, results/popoolation/plot/pi/pop2.pi.pdf, results/map/raw/pop2.lib1.flagstat.txt
    resources: tmpdir=/tmp

[Wed Jul 12 14:08:09 2023]
Finished job 0.
74 of 74 steps (100%) done
Complete log: .snakemake/log/2023-07-12T135811.235654.snakemake.log
