Building DAG of jobs...
Using shell: /usr/bin/bash
Provided cores: 1 (use --cores to define parallelism)
Rules claiming more threads will be scaled down.
Conda environments: ignored
Singularity containers: ignored
Job stats:
job               count    min threads    max threads
--------------  -------  -------------  -------------
qc_trimmomatic        1              1              1
total                 1              1              1

Select jobs to execute...

[Thu Jul  6 13:18:12 2023]
rule qc_trimmomatic:
    input: results/raw/pop2.lib1_1.fq.gz, results/raw/pop2.lib1_2.fq.gz
    output: results/qc/pop2.lib1_1.fq.gz, results/qc/pop2.lib1_2.fq.gz, results/qc/pop2.lib1_3.fq.gz, results/qc/pop2.lib1_4.fq.gz
    log: results/qc/pop2.lib1.trimmomatic_pe.log
    jobid: 0
    benchmark: results/qc/pop2.lib1.trimmomatic_pe.json
    reason: Missing output files: results/qc/pop2.lib1_1.fq.gz
    wildcards: population=pop2, library=lib1
    priority: 50
    resources: tmpdir=/tmp


        trimmomatic PE             -threads 1             -phred33             <(gzip --decompress --stdout results/raw/pop2.lib1_1.fq.gz)             <(gzip --decompress --stdout results/raw/pop2.lib1_2.fq.gz)             >(gzip --fast > results/qc/pop2.lib1_1.fq.gz)             >(gzip --fast > results/qc/pop2.lib1_3.fq.gz)             >(gzip --fast > results/qc/pop2.lib1_2.fq.gz)             >(gzip --fast > results/qc/pop2.lib1_4.fq.gz)             ILLUMINACLIP:data/adapters/TruSeq3-PE-2.fa:2:30:10             AVGQUAL:3 MINLEN:31 LEADING:19 TRAILING:19 MINLEN:31 SLIDINGWINDOW:4:5 LEADING:5 TRAILING:5 MINLEN:25 TOPHRED33         2> results/qc/pop2.lib1.trimmomatic_pe.log 1>&2
        
[Thu Jul  6 13:18:12 2023]
Error in rule qc_trimmomatic:
    jobid: 0
    input: results/raw/pop2.lib1_1.fq.gz, results/raw/pop2.lib1_2.fq.gz
    output: results/qc/pop2.lib1_1.fq.gz, results/qc/pop2.lib1_2.fq.gz, results/qc/pop2.lib1_3.fq.gz, results/qc/pop2.lib1_4.fq.gz
    log: results/qc/pop2.lib1.trimmomatic_pe.log (check log file(s) for error details)
    conda-env: qc
    shell:
        
        trimmomatic PE             -threads 1             -phred33             <(gzip --decompress --stdout results/raw/pop2.lib1_1.fq.gz)             <(gzip --decompress --stdout results/raw/pop2.lib1_2.fq.gz)             >(gzip --fast > results/qc/pop2.lib1_1.fq.gz)             >(gzip --fast > results/qc/pop2.lib1_3.fq.gz)             >(gzip --fast > results/qc/pop2.lib1_2.fq.gz)             >(gzip --fast > results/qc/pop2.lib1_4.fq.gz)             ILLUMINACLIP:data/adapters/TruSeq3-PE-2.fa:2:30:10             AVGQUAL:3 MINLEN:31 LEADING:19 TRAILING:19 MINLEN:31 SLIDINGWINDOW:4:5 LEADING:5 TRAILING:5 MINLEN:25 TOPHRED33         2> results/qc/pop2.lib1.trimmomatic_pe.log 1>&2
        
        (one of the commands exited with non-zero exit code; note that snakemake uses bash strict mode!)

Removing output files of failed job qc_trimmomatic since they might be corrupted:
results/qc/pop2.lib1_1.fq.gz, results/qc/pop2.lib1_2.fq.gz, results/qc/pop2.lib1_3.fq.gz, results/qc/pop2.lib1_4.fq.gz
Shutting down, this might take some time.
Exiting because a job execution failed. Look above for error message
Complete log: .snakemake/log/2023-07-06T131809.493811.snakemake.log
