Building DAG of jobs...
Using shell: /usr/bin/bash
Provided cores: 1 (use --cores to define parallelism)
Rules claiming more threads will be scaled down.
Singularity containers: ignored
Job stats:
job                                    count    min threads    max threads
-----------------------------------  -------  -------------  -------------
all                                        1              1              1
fst_merge                                  1              1              1
fst_plot                                   1              1              1
fst_sliding                                1              1              1
fst_split_table                            1              1              1
hp_plot_population                         2              1              1
hp_table_population_chromosome             2              1              1
index_cram                                 3              1              1
index_fasta                                1              1              1
map_bwa_index                              1              1              1
map_bwa_map                                3              1              1
map_filter                                 3              1              1
map_split                                  3              1              1
mpileup_convert                            2              1              1
mpileup_popoolation_filter_indels          2              1              1
mpileup_popoolation_identify_indels        2              1              1
mpileup_popoolation_subsample              2              1              1
popoolation_merge_snps                     2              1              1
popoolation_merge_variance_sliding         6              1              1
popoolation_plot                           6              1              1
popoolation_variance_sliding               6              1              1
qc_trimmomatic                             3              1              1
raw_make_links_pe                          3              1              1
reports_samtools_flagstat                  3              1              1
reports_samtools_idxstats                  3              1              1
reports_samtools_stats                     3              1              1
sync_filter_indels                         1              1              1
sync_identify_indels                       1              1              1
sync_mpileup2sync                          1              1              1
sync_subsample                             1              1              1
total                                     70              1              1

Select jobs to execute...

[Thu Jul  6 13:01:00 2023]
rule map_bwa_index:
    input: results/raw/genome.fa
    output: results/index/genome, results/index/genome.amb, results/index/genome.ann, results/index/genome.bwt, results/index/genome.pac, results/index/genome.sa
    log: results/index/bwa_index.log
    jobid: 12
    benchmark: results/index/bwa_index.json
    reason: Missing output files: results/index/genome
    resources: tmpdir=/tmp

Activating conda environment: map
Touching output file results/index/genome.
[Thu Jul  6 13:01:02 2023]
Finished job 12.
1 of 70 steps (1%) done
Select jobs to execute...

[Thu Jul  6 13:01:02 2023]
rule raw_make_links_pe:
    input: data/reads/pop2_1.fq.gz, data/reads/pop2_2.fq.gz
    output: results/raw/pop2.lib1_1.fq.gz, results/raw/pop2.lib1_2.fq.gz
    jobid: 33
    reason: Missing output files: results/raw/pop2.lib1_2.fq.gz, results/raw/pop2.lib1_1.fq.gz
    wildcards: population=pop2, library=lib1
    resources: tmpdir=/tmp

[Thu Jul  6 13:01:02 2023]
Finished job 33.
2 of 70 steps (3%) done
Select jobs to execute...

[Thu Jul  6 13:01:02 2023]
rule qc_trimmomatic:
    input: results/raw/pop2.lib1_1.fq.gz, results/raw/pop2.lib1_2.fq.gz
    output: results/qc/pop2.lib1_1.fq.gz, results/qc/pop2.lib1_2.fq.gz, results/qc/pop2.lib1_3.fq.gz, results/qc/pop2.lib1_4.fq.gz
    log: results/qc/pop2.lib1.trimmomatic_pe.log
    jobid: 32
    benchmark: results/qc/pop2.lib1.trimmomatic_pe.json
    reason: Missing output files: results/qc/pop2.lib1_2.fq.gz, results/qc/pop2.lib1_1.fq.gz, results/qc/pop2.lib1_3.fq.gz, results/qc/pop2.lib1_4.fq.gz; Input files updated by another job: results/raw/pop2.lib1_2.fq.gz, results/raw/pop2.lib1_1.fq.gz
    wildcards: population=pop2, library=lib1
    priority: 50
    resources: tmpdir=/tmp

Activating conda environment: qc
[Thu Jul  6 13:01:03 2023]
Error in rule qc_trimmomatic:
    jobid: 32
    input: results/raw/pop2.lib1_1.fq.gz, results/raw/pop2.lib1_2.fq.gz
    output: results/qc/pop2.lib1_1.fq.gz, results/qc/pop2.lib1_2.fq.gz, results/qc/pop2.lib1_3.fq.gz, results/qc/pop2.lib1_4.fq.gz
    log: results/qc/pop2.lib1.trimmomatic_pe.log (check log file(s) for error details)
    conda-env: qc
    shell:
        
        trimmomatic PE             -threads 1             -phred33             <(gzip --decompress --stdout results/raw/pop2.lib1_1.fq.gz)             <(gzip --decompress --stdout results/raw/pop2.lib1_2.fq.gz)             >(gzip --fast > results/qc/pop2.lib1_1.fq.gz)             >(gzip --fast > results/qc/pop2.lib1_3.fq.gz)             >(gzip --fast > results/qc/pop2.lib1_2.fq.gz)             >(gzip --fast > results/qc/pop2.lib1_4.fq.gz)             ILLUMINACLIP:data/adapters/TruSeq3-PE-2.fa:2:30:10             AVGQUAL:3 MINLEN:31 LEADING:19 TRAILING:19 MINLEN:31 SLIDINGWINDOW:4:5 LEADING:5 TRAILING:5 MINLEN:25 TOPHRED33         2> results/qc/pop2.lib1.trimmomatic_pe.log 1>&2
        
        (one of the commands exited with non-zero exit code; note that snakemake uses bash strict mode!)

Removing output files of failed job qc_trimmomatic since they might be corrupted:
results/qc/pop2.lib1_1.fq.gz, results/qc/pop2.lib1_2.fq.gz, results/qc/pop2.lib1_3.fq.gz, results/qc/pop2.lib1_4.fq.gz
Shutting down, this might take some time.
Exiting because a job execution failed. Look above for error message
Complete log: .snakemake/log/2023-07-06T130057.685317.snakemake.log
