Building DAG of jobs...
Using shell: /usr/bin/bash
Provided cores: 1 (use --cores to define parallelism)
Rules claiming more threads will be scaled down.
Conda environments: ignored
Singularity containers: ignored
Job stats:
job                                    count    min threads    max threads
-----------------------------------  -------  -------------  -------------
all                                        1              1              1
decompress                                 2              1              1
fst_merge                                  1              1              1
fst_plot                                   1              1              1
fst_sliding                                1              1              1
fst_split_table                            1              1              1
hp_plot_population                         2              1              1
hp_table_population_chromosome             2              1              1
index_cram                                 3              1              1
index_fasta                                1              1              1
map_bwa_index                              1              1              1
map_bwa_map                                3              1              1
map_filter                                 3              1              1
map_split                                  3              1              1
mpileup_convert                            2              1              1
mpileup_popoolation_filter_indels          2              1              1
mpileup_popoolation_identify_indels        2              1              1
mpileup_popoolation_subsample              2              1              1
popoolation_merge_snps                     2              1              1
popoolation_merge_variance_sliding         6              1              1
popoolation_plot                           6              1              1
popoolation_variance_sliding               6              1              1
qc_trimmomatic                             3              1              1
raw_extract_genome                         1              1              1
raw_make_links_pe                          2              1              1
reports_samtools_flagstat                  3              1              1
reports_samtools_idxstats                  3              1              1
reports_samtools_stats                     3              1              1
sync_filter_indels                         1              1              1
sync_identify_indels                       1              1              1
sync_mpileup2sync                          1              1              1
sync_subsample                             1              1              1
total                                     72              1              1

Select jobs to execute...

[Tue Jul 11 23:47:02 2023]
rule qc_trimmomatic:
    input: results/raw/pop1.lib1_1.fq, results/raw/pop1.lib1_2.fq
    output: results/qc/pop1.lib1_1.fq, results/qc/pop1.lib1_2.fq, results/qc/pop1.lib1_3.fq, results/qc/pop1.lib1_4.fq
    log: results/qc/pop1.lib1.trimmomatic_pe.log
    jobid: 10
    benchmark: results/qc/pop1.lib1.trimmomatic_pe.json
    reason: Missing output files: results/qc/pop1.lib1_1.fq, results/qc/pop1.lib1_3.fq, results/qc/pop1.lib1_2.fq, results/qc/pop1.lib1_4.fq
    wildcards: population=pop1, library=lib1
    priority: 50
    resources: tmpdir=/tmp


        trimmomatic PE \
            -threads 1 \
            -phred33 \
            results/raw/pop1.lib1_1.fq results/raw/pop1.lib1_2.fq \
            results/qc/pop1.lib1_1.fq results/qc/pop1.lib1_3.fq results/qc/pop1.lib1_2.fq results/qc/pop1.lib1_4.fq \
            ILLUMINACLIP:data/adapters/TruSeq3-PE-2.fa:2:30:10 \
            AVGQUAL:3 MINLEN:31 LEADING:19 TRAILING:19 MINLEN:31 SLIDINGWINDOW:4:5 LEADING:5 TRAILING:5 MINLEN:25 TOPHRED33 \
            2> results/qc/pop1.lib1.trimmomatic_pe.log 1>&2
        
[Tue Jul 11 23:47:02 2023]
Error in rule qc_trimmomatic:
    jobid: 10
    input: results/raw/pop1.lib1_1.fq, results/raw/pop1.lib1_2.fq
    output: results/qc/pop1.lib1_1.fq, results/qc/pop1.lib1_2.fq, results/qc/pop1.lib1_3.fq, results/qc/pop1.lib1_4.fq
    log: results/qc/pop1.lib1.trimmomatic_pe.log (check log file(s) for error details)
    conda-env: qc
    shell:
        
        trimmomatic PE \
            -threads 1 \
            -phred33 \
            results/raw/pop1.lib1_1.fq results/raw/pop1.lib1_2.fq \
            results/qc/pop1.lib1_1.fq results/qc/pop1.lib1_3.fq results/qc/pop1.lib1_2.fq results/qc/pop1.lib1_4.fq \
            ILLUMINACLIP:data/adapters/TruSeq3-PE-2.fa:2:30:10 \
            AVGQUAL:3 MINLEN:31 LEADING:19 TRAILING:19 MINLEN:31 SLIDINGWINDOW:4:5 LEADING:5 TRAILING:5 MINLEN:25 TOPHRED33 \
            2> results/qc/pop1.lib1.trimmomatic_pe.log 1>&2
        
        (one of the commands exited with non-zero exit code; note that snakemake uses bash strict mode!)

Shutting down, this might take some time.
Exiting because a job execution failed. Look above for error message
Complete log: .snakemake/log/2023-07-11T234657.867180.snakemake.log
