Building DAG of jobs...
Using shell: /usr/bin/bash
Provided cores: 1 (use --cores to define parallelism)
Rules claiming more threads will be scaled down.
Singularity containers: ignored
Job stats:
job                                    count    min threads    max threads
-----------------------------------  -------  -------------  -------------
all                                        1              1              1
decompress                                 2              1              1
fst_merge                                  1              1              1
fst_plot                                   1              1              1
fst_sliding                                1              1              1
fst_split_table                            1              1              1
hp_plot_population                         2              1              1
hp_table_population_chromosome             2              1              1
index_cram                                 3              1              1
index_fasta                                1              1              1
map_bwa_map                                2              1              1
map_filter                                 3              1              1
map_split                                  3              1              1
mpileup_convert                            2              1              1
mpileup_popoolation_filter_indels          2              1              1
mpileup_popoolation_identify_indels        2              1              1
mpileup_popoolation_subsample              2              1              1
popoolation_merge_snps                     2              1              1
popoolation_merge_variance_sliding         6              1              1
popoolation_plot                           6              1              1
popoolation_variance_sliding               6              1              1
qc_trimmomatic                             2              1              1
raw_make_links_pe                          1              1              1
reports_samtools_flagstat                  2              1              1
reports_samtools_idxstats                  3              1              1
reports_samtools_stats                     3              1              1
sync_filter_indels                         1              1              1
sync_identify_indels                       1              1              1
sync_mpileup2sync                          1              1              1
sync_subsample                             1              1              1
total                                     66              1              1

Select jobs to execute...

[Thu Jul  6 14:58:22 2023]
rule decompress:
    input: results/raw/pop1.lib1_1.fq.gz, results/raw/pop1.lib1_2.fq.gz
    output: results/raw/pop1.lib1_1.fq, results/raw/pop1.lib1_2.fq
    jobid: 11
    reason: Missing output files: results/raw/pop1.lib1_2.fq, results/raw/pop1.lib1_1.fq
    wildcards: population=pop1, library=lib1
    resources: tmpdir=/tmp


        gzip --decompress --stdout results/raw/pop1.lib1_1.fq.gz > results/raw/pop1.lib1_1.fq
        gzip --decompress --stdout results/raw/pop1.lib1_2.fq.gz > results/raw/pop1.lib1_2.fq
        
[Thu Jul  6 14:58:24 2023]
Finished job 11.
1 of 66 steps (2%) done
Select jobs to execute...

[Thu Jul  6 14:58:24 2023]
rule qc_trimmomatic:
    input: results/raw/pop1.lib1_1.fq, results/raw/pop1.lib1_2.fq
    output: results/qc/pop1.lib1_1.fq, results/qc/pop1.lib1_2.fq, results/qc/pop1.lib1_3.fq, results/qc/pop1.lib1_4.fq
    log: results/qc/pop1.lib1.trimmomatic_pe.log
    jobid: 10
    benchmark: results/qc/pop1.lib1.trimmomatic_pe.json
    reason: Missing output files: results/qc/pop1.lib1_3.fq, results/qc/pop1.lib1_4.fq, results/qc/pop1.lib1_2.fq, results/qc/pop1.lib1_1.fq; Input files updated by another job: results/raw/pop1.lib1_2.fq, results/raw/pop1.lib1_1.fq
    wildcards: population=pop1, library=lib1
    priority: 50
    resources: tmpdir=/tmp


        trimmomatic PE \
            -threads 1 \
            -phred33 \
            results/raw/pop1.lib1_1.fq results/raw/pop1.lib1_2.fq results/qc/pop1.lib1_1.fq results/qc/pop1.lib1_3.fq results/qc/pop1.lib1_2.fq results/qc/pop1.lib1_4.fq \
            ILLUMINACLIP:data/adapters/TruSeq3-PE-2.fa:2:30:10 \
            AVGQUAL:3 MINLEN:31 LEADING:19 TRAILING:19 MINLEN:31 SLIDINGWINDOW:4:5 LEADING:5 TRAILING:5 MINLEN:25 TOPHRED33 \
        2> results/qc/pop1.lib1.trimmomatic_pe.log 1>&2
        
Activating conda environment: qc
[Thu Jul  6 14:58:33 2023]
Finished job 10.
2 of 66 steps (3%) done
Select jobs to execute...

[Thu Jul  6 14:58:33 2023]
rule map_bwa_map:
    input: results/qc/pop1.lib1_1.fq, results/qc/pop1.lib1_2.fq, results/qc/pop1.lib1_3.fq, results/qc/pop1.lib1_4.fq, results/index/genome, results/raw/genome.fa
    output: results/map/raw/pop1.lib1.cram
    log: results/map/raw/pop1.lib1.bwa_mem.log
    jobid: 9
    benchmark: results/map/raw/pop1.lib1.bwa_mem.json
    reason: Missing output files: results/map/raw/pop1.lib1.cram; Input files updated by another job: results/qc/pop1.lib1_3.fq, results/qc/pop1.lib1_4.fq, results/qc/pop1.lib1_2.fq, results/qc/pop1.lib1_1.fq
    wildcards: population=pop1, library=lib1
    resources: tmpdir=/tmp


        (bwa mem             -M             -R '@RG	ID:pop1_lib1	LB:truseq_lib1	PL:Illumina	SM:pop1'             -t 1                          results/index/genome             results/qc/pop1.lib1_1.fq             results/qc/pop1.lib1_2.fq         | samtools sort             -l 9             -o results/map/raw/pop1.lib1.cram             --reference results/raw/genome.fa             --output-fmt CRAM             -@ 1             /dev/stdin         ) 2> results/map/raw/pop1.lib1.bwa_mem.log
        
Activating conda environment: map
Write-protecting output file results/map/raw/pop1.lib1.cram.
[Thu Jul  6 14:59:02 2023]
Finished job 9.
3 of 66 steps (5%) done
Removing temporary output results/qc/pop1.lib1_3.fq.
Removing temporary output results/qc/pop1.lib1_4.fq.
Removing temporary output results/qc/pop1.lib1_2.fq.
Removing temporary output results/qc/pop1.lib1_1.fq.
Select jobs to execute...

[Thu Jul  6 14:59:02 2023]
rule index_cram:
    input: results/map/raw/pop1.lib1.cram
    output: results/map/raw/pop1.lib1.cram.crai
    jobid: 15
    reason: Missing output files: results/map/raw/pop1.lib1.cram.crai; Input files updated by another job: results/map/raw/pop1.lib1.cram
    wildcards: filename=results/map/raw/pop1.lib1
    resources: tmpdir=/tmp

samtools index results/map/raw/pop1.lib1.cram
Activating conda environment: generic
[Thu Jul  6 14:59:03 2023]
Finished job 15.
4 of 66 steps (6%) done
Select jobs to execute...

[Thu Jul  6 14:59:03 2023]
rule map_split:
    input: results/map/raw/pop1.lib1.cram, results/map/raw/pop1.lib1.cram.crai, results/raw/genome.fa
    output: results/map/split/pop1.lib1.2R.bam
    log: results/map/split/pop1.lib1.2R.log
    jobid: 8
    benchmark: results/map/split/pop1.lib1.2R.json
    reason: Missing output files: results/map/split/pop1.lib1.2R.bam; Input files updated by another job: results/map/raw/pop1.lib1.cram.crai, results/map/raw/pop1.lib1.cram
    wildcards: population=pop1, library=lib1, chromosome=2R
    resources: tmpdir=/tmp


        samtools view             -u             -T results/raw/genome.fa             -o results/map/split/pop1.lib1.2R.bam             results/map/raw/pop1.lib1.cram             2R         2> results/map/split/pop1.lib1.2R.log
        
Activating conda environment: map
[Thu Jul  6 14:59:04 2023]
Finished job 8.
5 of 66 steps (8%) done
Select jobs to execute...

[Thu Jul  6 14:59:04 2023]
rule map_filter:
    input: results/map/split/pop1.lib1.2R.bam, results/raw/genome.fa
    output: results/map/filt/pop1.lib1.2R.cram, results/map/filt/pop1.lib1.2R.dupstats
    log: results/map/filt/pop1.lib1.2R.log
    jobid: 7
    benchmark: results/map/filt/pop1.lib1.2R.json
    reason: Missing output files: results/map/filt/pop1.lib1.2R.cram; Input files updated by another job: results/map/split/pop1.lib1.2R.bam
    wildcards: population=pop1, library=lib1, chromosome=2R
    resources: tmpdir=/tmp, memory_gb=1


        (picard -Xmx1g MarkDuplicates             INPUT=results/map/split/pop1.lib1.2R.bam             OUTPUT=/dev/stdout             METRICS_FILE=results/map/filt/pop1.lib1.2R.dupstats             ASSUME_SORT_ORDER=coordinate             VALIDATION_STRINGENCY=SILENT             COMPRESSION_LEVEL=0             REMOVE_DUPLICATES=true             QUIET=false         | samtools view             -q 20             -f 0x0002  `# read mapped in proper pair. Leave only`             -F 0x0004  `# read unmapped. Throw away`             -F 0x0008  `# mate unmapped. Throw away`             -u             -         | samtools sort             -l 9             -o results/map/filt/pop1.lib1.2R.cram             --reference results/raw/genome.fa             --output-fmt CRAM             /dev/stdin         ) 2> results/map/filt/pop1.lib1.2R.log
        
Activating conda environment: map
Write-protecting output file results/map/filt/pop1.lib1.2R.cram.
[Thu Jul  6 14:59:29 2023]
Finished job 7.
6 of 66 steps (9%) done
Removing temporary output results/map/split/pop1.lib1.2R.bam.
Select jobs to execute...

[Thu Jul  6 14:59:29 2023]
rule reports_samtools_flagstat:
    input: results/map/raw/pop1.lib1.cram
    output: results/map/raw/pop1.lib1.flagstat.txt
    log: results/map/raw/pop1.lib1.flagstat.log
    jobid: 66
    benchmark: results/map/raw/pop1.lib1.flagstat.bmk
    reason: Missing output files: results/map/raw/pop1.lib1.flagstat.txt; Input files updated by another job: results/map/raw/pop1.lib1.cram
    wildcards: filename=results/map/raw/pop1.lib1
    resources: tmpdir=/tmp

samtools flagstat results/map/raw/pop1.lib1.cram > results/map/raw/pop1.lib1.flagstat.txt 2> results/map/raw/pop1.lib1.flagstat.log
Activating conda environment: reports
[Thu Jul  6 14:59:31 2023]
Finished job 66.
7 of 66 steps (11%) done
Select jobs to execute...

[Thu Jul  6 14:59:31 2023]
rule reports_samtools_stats:
    input: results/map/raw/pop1.lib1.cram
    output: results/map/raw/pop1.lib1.stats.tsv
    log: results/map/raw/pop1.lib1.stats.log
    jobid: 65
    benchmark: results/map/raw/pop1.lib1.stats.bmk
    reason: Missing output files: results/map/raw/pop1.lib1.stats.tsv; Input files updated by another job: results/map/raw/pop1.lib1.cram
    wildcards: filename=results/map/raw/pop1.lib1
    resources: tmpdir=/tmp

samtools stats results/map/raw/pop1.lib1.cram > results/map/raw/pop1.lib1.stats.tsv 2>&1
Activating conda environment: reports
[Thu Jul  6 14:59:34 2023]
Finished job 65.
8 of 66 steps (12%) done
Select jobs to execute...

[Thu Jul  6 14:59:34 2023]
rule index_cram:
    input: results/map/raw/pop2.lib1.cram
    output: results/map/raw/pop2.lib1.cram.crai
    jobid: 37
    reason: Missing output files: results/map/raw/pop2.lib1.cram.crai
    wildcards: filename=results/map/raw/pop2.lib1
    resources: tmpdir=/tmp

samtools index results/map/raw/pop2.lib1.cram
Activating conda environment: generic
[Thu Jul  6 14:59:35 2023]
Finished job 37.
9 of 66 steps (14%) done
Select jobs to execute...

[Thu Jul  6 14:59:35 2023]
rule map_split:
    input: results/map/raw/pop2.lib1.cram, results/map/raw/pop2.lib1.cram.crai, results/raw/genome.fa
    output: results/map/split/pop2.lib1.2R.bam
    log: results/map/split/pop2.lib1.2R.log
    jobid: 32
    benchmark: results/map/split/pop2.lib1.2R.json
    reason: Missing output files: results/map/split/pop2.lib1.2R.bam; Input files updated by another job: results/map/raw/pop2.lib1.cram.crai
    wildcards: population=pop2, library=lib1, chromosome=2R
    resources: tmpdir=/tmp


        samtools view             -u             -T results/raw/genome.fa             -o results/map/split/pop2.lib1.2R.bam             results/map/raw/pop2.lib1.cram             2R         2> results/map/split/pop2.lib1.2R.log
        
Activating conda environment: map
[Thu Jul  6 14:59:36 2023]
Finished job 32.
10 of 66 steps (15%) done
Select jobs to execute...

[Thu Jul  6 14:59:36 2023]
rule map_filter:
    input: results/map/split/pop2.lib1.2R.bam, results/raw/genome.fa
    output: results/map/filt/pop2.lib1.2R.cram, results/map/filt/pop2.lib1.2R.dupstats
    log: results/map/filt/pop2.lib1.2R.log
    jobid: 31
    benchmark: results/map/filt/pop2.lib1.2R.json
    reason: Missing output files: results/map/filt/pop2.lib1.2R.cram; Input files updated by another job: results/map/split/pop2.lib1.2R.bam
    wildcards: population=pop2, library=lib1, chromosome=2R
    resources: tmpdir=/tmp, memory_gb=1


        (picard -Xmx1g MarkDuplicates             INPUT=results/map/split/pop2.lib1.2R.bam             OUTPUT=/dev/stdout             METRICS_FILE=results/map/filt/pop2.lib1.2R.dupstats             ASSUME_SORT_ORDER=coordinate             VALIDATION_STRINGENCY=SILENT             COMPRESSION_LEVEL=0             REMOVE_DUPLICATES=true             QUIET=false         | samtools view             -q 20             -f 0x0002  `# read mapped in proper pair. Leave only`             -F 0x0004  `# read unmapped. Throw away`             -F 0x0008  `# mate unmapped. Throw away`             -u             -         | samtools sort             -l 9             -o results/map/filt/pop2.lib1.2R.cram             --reference results/raw/genome.fa             --output-fmt CRAM             /dev/stdin         ) 2> results/map/filt/pop2.lib1.2R.log
        
Activating conda environment: map
Write-protecting output file results/map/filt/pop2.lib1.2R.cram.
[Thu Jul  6 14:59:59 2023]
Finished job 31.
11 of 66 steps (17%) done
Removing temporary output results/map/split/pop2.lib1.2R.bam.
Select jobs to execute...

[Thu Jul  6 14:59:59 2023]
rule reports_samtools_idxstats:
    input: results/map/raw/pop2.lib1.cram, results/map/raw/pop2.lib1.cram.crai
    output: results/map/raw/pop2.lib1.idxstats.txt
    log: results/map/raw/pop2.lib1.idxstats.log
    jobid: 73
    benchmark: results/map/raw/pop2.lib1.idxstats.bmk
    reason: Missing output files: results/map/raw/pop2.lib1.idxstats.txt; Input files updated by another job: results/map/raw/pop2.lib1.cram.crai
    wildcards: filename=results/map/raw/pop2.lib1
    resources: tmpdir=/tmp

samtools idxstats results/map/raw/pop2.lib1.cram > results/map/raw/pop2.lib1.idxstats.txt 2> results/map/raw/pop2.lib1.idxstats.log
Activating conda environment: reports
[Thu Jul  6 15:00:01 2023]
Finished job 73.
12 of 66 steps (18%) done
Select jobs to execute...

[Thu Jul  6 15:00:01 2023]
rule reports_samtools_idxstats:
    input: results/map/raw/pop1.lib1.cram, results/map/raw/pop1.lib1.cram.crai
    output: results/map/raw/pop1.lib1.idxstats.txt
    log: results/map/raw/pop1.lib1.idxstats.log
    jobid: 67
    benchmark: results/map/raw/pop1.lib1.idxstats.bmk
    reason: Missing output files: results/map/raw/pop1.lib1.idxstats.txt; Input files updated by another job: results/map/raw/pop1.lib1.cram.crai, results/map/raw/pop1.lib1.cram
    wildcards: filename=results/map/raw/pop1.lib1
    resources: tmpdir=/tmp

samtools idxstats results/map/raw/pop1.lib1.cram > results/map/raw/pop1.lib1.idxstats.txt 2> results/map/raw/pop1.lib1.idxstats.log
Activating conda environment: reports
[Thu Jul  6 15:00:03 2023]
Finished job 67.
13 of 66 steps (20%) done
Select jobs to execute...

[Thu Jul  6 15:00:03 2023]
rule raw_make_links_pe:
    input: data/reads/pop1_1.fq.gz, data/reads/pop1_2.fq.gz
    output: results/raw/pop1.lib2_1.fq.gz, results/raw/pop1.lib2_2.fq.gz
    jobid: 21
    reason: Missing output files: results/raw/pop1.lib2_2.fq.gz, results/raw/pop1.lib2_1.fq.gz
    wildcards: population=pop1, library=lib2
    resources: tmpdir=/tmp


        ln --symbolic $(readlink --canonicalize data/reads/pop1_1.fq.gz) results/raw/pop1.lib2_1.fq.gz
        ln --symbolic $(readlink --canonicalize data/reads/pop1_2.fq.gz) results/raw/pop1.lib2_2.fq.gz
        
[Thu Jul  6 15:00:03 2023]
Finished job 21.
14 of 66 steps (21%) done
Select jobs to execute...

[Thu Jul  6 15:00:03 2023]
rule decompress:
    input: results/raw/pop1.lib2_1.fq.gz, results/raw/pop1.lib2_2.fq.gz
    output: results/raw/pop1.lib2_1.fq, results/raw/pop1.lib2_2.fq
    jobid: 20
    reason: Missing output files: results/raw/pop1.lib2_1.fq, results/raw/pop1.lib2_2.fq; Input files updated by another job: results/raw/pop1.lib2_2.fq.gz, results/raw/pop1.lib2_1.fq.gz
    wildcards: population=pop1, library=lib2
    resources: tmpdir=/tmp


        gzip --decompress --stdout results/raw/pop1.lib2_1.fq.gz > results/raw/pop1.lib2_1.fq
        gzip --decompress --stdout results/raw/pop1.lib2_2.fq.gz > results/raw/pop1.lib2_2.fq
        
[Thu Jul  6 15:00:04 2023]
Finished job 20.
15 of 66 steps (23%) done
Select jobs to execute...

[Thu Jul  6 15:00:04 2023]
rule qc_trimmomatic:
    input: results/raw/pop1.lib2_1.fq, results/raw/pop1.lib2_2.fq
    output: results/qc/pop1.lib2_1.fq, results/qc/pop1.lib2_2.fq, results/qc/pop1.lib2_3.fq, results/qc/pop1.lib2_4.fq
    log: results/qc/pop1.lib2.trimmomatic_pe.log
    jobid: 19
    benchmark: results/qc/pop1.lib2.trimmomatic_pe.json
    reason: Missing output files: results/qc/pop1.lib2_2.fq, results/qc/pop1.lib2_1.fq, results/qc/pop1.lib2_3.fq, results/qc/pop1.lib2_4.fq; Input files updated by another job: results/raw/pop1.lib2_2.fq, results/raw/pop1.lib2_1.fq
    wildcards: population=pop1, library=lib2
    priority: 50
    resources: tmpdir=/tmp


        trimmomatic PE \
            -threads 1 \
            -phred33 \
            results/raw/pop1.lib2_1.fq results/raw/pop1.lib2_2.fq results/qc/pop1.lib2_1.fq results/qc/pop1.lib2_3.fq results/qc/pop1.lib2_2.fq results/qc/pop1.lib2_4.fq \
            ILLUMINACLIP:data/adapters/TruSeq3-PE-2.fa:2:30:10 \
            AVGQUAL:3 MINLEN:31 LEADING:19 TRAILING:19 MINLEN:31 SLIDINGWINDOW:4:5 LEADING:5 TRAILING:5 MINLEN:25 TOPHRED33 \
        2> results/qc/pop1.lib2.trimmomatic_pe.log 1>&2
        
Activating conda environment: qc
[Thu Jul  6 15:00:11 2023]
Finished job 19.
16 of 66 steps (24%) done
Select jobs to execute...

[Thu Jul  6 15:00:11 2023]
rule map_bwa_map:
    input: results/qc/pop1.lib2_1.fq, results/qc/pop1.lib2_2.fq, results/qc/pop1.lib2_3.fq, results/qc/pop1.lib2_4.fq, results/index/genome, results/raw/genome.fa
    output: results/map/raw/pop1.lib2.cram
    log: results/map/raw/pop1.lib2.bwa_mem.log
    jobid: 18
    benchmark: results/map/raw/pop1.lib2.bwa_mem.json
    reason: Missing output files: results/map/raw/pop1.lib2.cram; Input files updated by another job: results/qc/pop1.lib2_2.fq, results/qc/pop1.lib2_1.fq, results/qc/pop1.lib2_3.fq, results/qc/pop1.lib2_4.fq
    wildcards: population=pop1, library=lib2
    resources: tmpdir=/tmp


        (bwa mem             -M             -R '@RG	ID:pop1_lib2	LB:truseq_lib2	PL:Illumina	SM:pop1'             -t 1                          results/index/genome             results/qc/pop1.lib2_1.fq             results/qc/pop1.lib2_2.fq         | samtools sort             -l 9             -o results/map/raw/pop1.lib2.cram             --reference results/raw/genome.fa             --output-fmt CRAM             -@ 1             /dev/stdin         ) 2> results/map/raw/pop1.lib2.bwa_mem.log
        
Activating conda environment: map
Write-protecting output file results/map/raw/pop1.lib2.cram.
[Thu Jul  6 15:00:39 2023]
Finished job 18.
17 of 66 steps (26%) done
Removing temporary output results/qc/pop1.lib2_2.fq.
Removing temporary output results/qc/pop1.lib2_1.fq.
Removing temporary output results/qc/pop1.lib2_3.fq.
Removing temporary output results/qc/pop1.lib2_4.fq.
Select jobs to execute...

[Thu Jul  6 15:00:39 2023]
rule index_cram:
    input: results/map/raw/pop1.lib2.cram
    output: results/map/raw/pop1.lib2.cram.crai
    jobid: 22
    reason: Missing output files: results/map/raw/pop1.lib2.cram.crai; Input files updated by another job: results/map/raw/pop1.lib2.cram
    wildcards: filename=results/map/raw/pop1.lib2
    resources: tmpdir=/tmp

samtools index results/map/raw/pop1.lib2.cram
Activating conda environment: generic
[Thu Jul  6 15:00:39 2023]
Finished job 22.
18 of 66 steps (27%) done
Select jobs to execute...

[Thu Jul  6 15:00:39 2023]
rule reports_samtools_idxstats:
    input: results/map/raw/pop1.lib2.cram, results/map/raw/pop1.lib2.cram.crai
    output: results/map/raw/pop1.lib2.idxstats.txt
    log: results/map/raw/pop1.lib2.idxstats.log
    jobid: 70
    benchmark: results/map/raw/pop1.lib2.idxstats.bmk
    reason: Missing output files: results/map/raw/pop1.lib2.idxstats.txt; Input files updated by another job: results/map/raw/pop1.lib2.cram.crai, results/map/raw/pop1.lib2.cram
    wildcards: filename=results/map/raw/pop1.lib2
    resources: tmpdir=/tmp

samtools idxstats results/map/raw/pop1.lib2.cram > results/map/raw/pop1.lib2.idxstats.txt 2> results/map/raw/pop1.lib2.idxstats.log
Activating conda environment: reports
[Thu Jul  6 15:00:41 2023]
Finished job 70.
19 of 66 steps (29%) done
Select jobs to execute...

[Thu Jul  6 15:00:41 2023]
rule reports_samtools_stats:
    input: results/map/raw/pop1.lib2.cram
    output: results/map/raw/pop1.lib2.stats.tsv
    log: results/map/raw/pop1.lib2.stats.log
    jobid: 68
    benchmark: results/map/raw/pop1.lib2.stats.bmk
    reason: Missing output files: results/map/raw/pop1.lib2.stats.tsv; Input files updated by another job: results/map/raw/pop1.lib2.cram
    wildcards: filename=results/map/raw/pop1.lib2
    resources: tmpdir=/tmp

samtools stats results/map/raw/pop1.lib2.cram > results/map/raw/pop1.lib2.stats.tsv 2>&1
Activating conda environment: reports
[Thu Jul  6 15:00:44 2023]
Finished job 68.
20 of 66 steps (30%) done
Select jobs to execute...

[Thu Jul  6 15:00:44 2023]
rule reports_samtools_flagstat:
    input: results/map/raw/pop1.lib2.cram
    output: results/map/raw/pop1.lib2.flagstat.txt
    log: results/map/raw/pop1.lib2.flagstat.log
    jobid: 69
    benchmark: results/map/raw/pop1.lib2.flagstat.bmk
    reason: Missing output files: results/map/raw/pop1.lib2.flagstat.txt; Input files updated by another job: results/map/raw/pop1.lib2.cram
    wildcards: filename=results/map/raw/pop1.lib2
    resources: tmpdir=/tmp

samtools flagstat results/map/raw/pop1.lib2.cram > results/map/raw/pop1.lib2.flagstat.txt 2> results/map/raw/pop1.lib2.flagstat.log
Activating conda environment: reports
[Thu Jul  6 15:00:46 2023]
Finished job 69.
21 of 66 steps (32%) done
Select jobs to execute...

[Thu Jul  6 15:00:46 2023]
rule map_split:
    input: results/map/raw/pop1.lib2.cram, results/map/raw/pop1.lib2.cram.crai, results/raw/genome.fa
    output: results/map/split/pop1.lib2.2R.bam
    log: results/map/split/pop1.lib2.2R.log
    jobid: 17
    benchmark: results/map/split/pop1.lib2.2R.json
    reason: Missing output files: results/map/split/pop1.lib2.2R.bam; Input files updated by another job: results/map/raw/pop1.lib2.cram.crai, results/map/raw/pop1.lib2.cram
    wildcards: population=pop1, library=lib2, chromosome=2R
    resources: tmpdir=/tmp


        samtools view             -u             -T results/raw/genome.fa             -o results/map/split/pop1.lib2.2R.bam             results/map/raw/pop1.lib2.cram             2R         2> results/map/split/pop1.lib2.2R.log
        
Activating conda environment: map
[Thu Jul  6 15:00:47 2023]
Finished job 17.
22 of 66 steps (33%) done
Select jobs to execute...

[Thu Jul  6 15:00:47 2023]
rule map_filter:
    input: results/map/split/pop1.lib2.2R.bam, results/raw/genome.fa
    output: results/map/filt/pop1.lib2.2R.cram, results/map/filt/pop1.lib2.2R.dupstats
    log: results/map/filt/pop1.lib2.2R.log
    jobid: 16
    benchmark: results/map/filt/pop1.lib2.2R.json
    reason: Missing output files: results/map/filt/pop1.lib2.2R.cram; Input files updated by another job: results/map/split/pop1.lib2.2R.bam
    wildcards: population=pop1, library=lib2, chromosome=2R
    resources: tmpdir=/tmp, memory_gb=1


        (picard -Xmx1g MarkDuplicates             INPUT=results/map/split/pop1.lib2.2R.bam             OUTPUT=/dev/stdout             METRICS_FILE=results/map/filt/pop1.lib2.2R.dupstats             ASSUME_SORT_ORDER=coordinate             VALIDATION_STRINGENCY=SILENT             COMPRESSION_LEVEL=0             REMOVE_DUPLICATES=true             QUIET=false         | samtools view             -q 20             -f 0x0002  `# read mapped in proper pair. Leave only`             -F 0x0004  `# read unmapped. Throw away`             -F 0x0008  `# mate unmapped. Throw away`             -u             -         | samtools sort             -l 9             -o results/map/filt/pop1.lib2.2R.cram             --reference results/raw/genome.fa             --output-fmt CRAM             /dev/stdin         ) 2> results/map/filt/pop1.lib2.2R.log
        
Activating conda environment: map
Write-protecting output file results/map/filt/pop1.lib2.2R.cram.
[Thu Jul  6 15:01:12 2023]
Finished job 16.
23 of 66 steps (35%) done
Removing temporary output results/map/split/pop1.lib2.2R.bam.
Select jobs to execute...

[Thu Jul  6 15:01:12 2023]
rule reports_samtools_stats:
    input: results/map/raw/pop2.lib1.cram
    output: results/map/raw/pop2.lib1.stats.tsv
    log: results/map/raw/pop2.lib1.stats.log
    jobid: 71
    benchmark: results/map/raw/pop2.lib1.stats.bmk
    reason: Missing output files: results/map/raw/pop2.lib1.stats.tsv
    wildcards: filename=results/map/raw/pop2.lib1
    resources: tmpdir=/tmp

samtools stats results/map/raw/pop2.lib1.cram > results/map/raw/pop2.lib1.stats.tsv 2>&1
Activating conda environment: reports
[Thu Jul  6 15:01:16 2023]
Finished job 71.
24 of 66 steps (36%) done
Select jobs to execute...

[Thu Jul  6 15:01:16 2023]
rule index_fasta:
    input: results/raw/genome.fa
    output: results/raw/genome.fa.fai
    jobid: 23
    reason: Software environment definition has changed since last execution
    wildcards: filename=results/raw/genome.fa
    resources: tmpdir=/tmp

samtools faidx results/raw/genome.fa
Activating conda environment: generic
[Thu Jul  6 15:01:16 2023]
Finished job 23.
25 of 66 steps (38%) done
Select jobs to execute...

[Thu Jul  6 15:01:16 2023]
rule mpileup_convert:
    input: results/map/filt/pop2.lib1.2R.cram, results/raw/genome.fa, results/raw/genome.fa.fai
    output: results/mpileup/raw/pop2/pop2.2R.mpileup.gz
    log: results/mpileup/raw/pop2/pop2.2R.log
    jobid: 30
    benchmark: results/mpileup/raw/pop2/pop2.2R.json
    reason: Missing output files: results/mpileup/raw/pop2/pop2.2R.mpileup.gz; Input files updated by another job: results/raw/genome.fa.fai, results/map/filt/pop2.lib1.2R.cram
    wildcards: population=pop2, chromosome=2R
    resources: tmpdir=/tmp


        (samtools merge             -u             --reference results/raw/genome.fa             -             results/map/filt/pop2.lib1.2R.cram         | samtools mpileup             -a             --no-BAQ             --min-BQ 0             --fasta-ref results/raw/genome.fa             -         | gzip             --best         > results/mpileup/raw/pop2/pop2.2R.mpileup.gz         ) 2> results/mpileup/raw/pop2/pop2.2R.log
        
Activating conda environment: mpileup
[Thu Jul  6 15:01:29 2023]
Finished job 30.
26 of 66 steps (39%) done
Select jobs to execute...

[Thu Jul  6 15:01:30 2023]
rule mpileup_popoolation_identify_indels:
    input: results/mpileup/raw/pop2/pop2.2R.mpileup.gz
    output: results/mpileup/filt/pop2/pop2.2R.gtf
    log: results/mpileup/filt/pop2/pop2.2R.gtf.log
    jobid: 38
    benchmark: results/mpileup/filt/pop2/pop2.2R.gtf.json
    reason: Missing output files: results/mpileup/filt/pop2/pop2.2R.gtf; Input files updated by another job: results/mpileup/raw/pop2/pop2.2R.mpileup.gz
    wildcards: population=pop2, chromosome=2R
    resources: tmpdir=/tmp


        perl src/popoolation_1.2.2/basic-pipeline/identify-genomic-indel-regions.pl             --input <(gzip --decompress --stdout results/mpileup/raw/pop2/pop2.2R.mpileup.gz)             --output results/mpileup/filt/pop2/pop2.2R.gtf             --indel-window 5             --min-count 2         2>results/mpileup/filt/pop2/pop2.2R.gtf.log 1>&2
        
Activating conda environment: mpileup
[Thu Jul  6 15:01:32 2023]
Finished job 38.
27 of 66 steps (41%) done
Select jobs to execute...

[Thu Jul  6 15:01:32 2023]
rule mpileup_popoolation_filter_indels:
    input: results/mpileup/raw/pop2/pop2.2R.mpileup.gz, results/mpileup/filt/pop2/pop2.2R.gtf
    output: results/mpileup/filt/pop2/pop2.2R.mpileup, results/mpileup/filt/pop2/pop2.2R.mpileup.gz
    log: results/mpileup/filt/pop2/pop2.2R.mpileup.log
    jobid: 29
    benchmark: results/mpileup/filt/pop2/pop2.2R.mpileup.json
    reason: Missing output files: results/mpileup/filt/pop2/pop2.2R.mpileup.gz; Input files updated by another job: results/mpileup/raw/pop2/pop2.2R.mpileup.gz, results/mpileup/filt/pop2/pop2.2R.gtf
    wildcards: population=pop2, chromosome=2R
    resources: tmpdir=/tmp


        mkfifo results/mpileup/filt/pop2/pop2.2R.mpileup

        (cat results/mpileup/filt/pop2/pop2.2R.mpileup | gzip --fast > results/mpileup/filt/pop2/pop2.2R.mpileup.gz &)

        perl src/popoolation_1.2.2/basic-pipeline/filter-pileup-by-gtf.pl             --input <(gzip --decompress --stdout results/mpileup/raw/pop2/pop2.2R.mpileup.gz)             --gtf results/mpileup/filt/pop2/pop2.2R.gtf             --output results/mpileup/filt/pop2/pop2.2R.mpileup         2> results/mpileup/filt/pop2/pop2.2R.mpileup.log 1>&2
        
Activating conda environment: mpileup
[Thu Jul  6 15:01:34 2023]
Finished job 29.
28 of 66 steps (42%) done
Removing temporary output results/mpileup/filt/pop2/pop2.2R.gtf.
Removing temporary output results/mpileup/filt/pop2/pop2.2R.mpileup.
Select jobs to execute...

[Thu Jul  6 15:01:35 2023]
rule mpileup_popoolation_subsample:
    input: results/mpileup/filt/pop2/pop2.2R.mpileup.gz
    output: results/mpileup/sub/pop2/pop2.2R.mpileup, results/mpileup/sub/pop2/pop2.2R.mpileup.gz
    log: results/mpileup/sub/pop2/pop2.2R.log
    jobid: 28
    benchmark: results/mpileup/sub/pop2/pop2.2R.json
    reason: Missing output files: results/mpileup/sub/pop2/pop2.2R.mpileup.gz; Input files updated by another job: results/mpileup/filt/pop2/pop2.2R.mpileup.gz
    wildcards: population=pop2, chromosome=2R
    resources: tmpdir=/tmp


        mkfifo results/mpileup/sub/pop2/pop2.2R.mpileup;

        (cat results/mpileup/sub/pop2/pop2.2R.mpileup | gzip --best > results/mpileup/sub/pop2/pop2.2R.mpileup.gz &)

        perl src/popoolation_1.2.2/basic-pipeline/subsample-pileup.pl             --min-qual 20             --method withoutreplace             --max-coverage 200             --fastq-type sanger             --target-coverage 10             --input <(gzip -dc results/mpileup/filt/pop2/pop2.2R.mpileup.gz)             --output results/mpileup/sub/pop2/pop2.2R.mpileup         2> results/mpileup/sub/pop2/pop2.2R.log 1>&2
        
Activating conda environment: mpileup
Write-protecting output file results/mpileup/sub/pop2/pop2.2R.mpileup.gz.
[Thu Jul  6 15:02:30 2023]
Finished job 28.
29 of 66 steps (44%) done
Removing temporary output results/mpileup/filt/pop2/pop2.2R.mpileup.gz.
Removing temporary output results/mpileup/sub/pop2/pop2.2R.mpileup.
Select jobs to execute...

[Thu Jul  6 15:02:30 2023]
rule mpileup_convert:
    input: results/map/filt/pop1.lib1.2R.cram, results/map/filt/pop1.lib2.2R.cram, results/raw/genome.fa, results/raw/genome.fa.fai
    output: results/mpileup/raw/pop1/pop1.2R.mpileup.gz
    log: results/mpileup/raw/pop1/pop1.2R.log
    jobid: 6
    benchmark: results/mpileup/raw/pop1/pop1.2R.json
    reason: Missing output files: results/mpileup/raw/pop1/pop1.2R.mpileup.gz; Input files updated by another job: results/raw/genome.fa.fai, results/map/filt/pop1.lib1.2R.cram, results/map/filt/pop1.lib2.2R.cram
    wildcards: population=pop1, chromosome=2R
    resources: tmpdir=/tmp


        (samtools merge             -u             --reference results/raw/genome.fa             -             results/map/filt/pop1.lib1.2R.cram results/map/filt/pop1.lib2.2R.cram         | samtools mpileup             -a             --no-BAQ             --min-BQ 0             --fasta-ref results/raw/genome.fa             -         | gzip             --best         > results/mpileup/raw/pop1/pop1.2R.mpileup.gz         ) 2> results/mpileup/raw/pop1/pop1.2R.log
        
Activating conda environment: mpileup
[Thu Jul  6 15:02:56 2023]
Finished job 6.
30 of 66 steps (45%) done
Select jobs to execute...

[Thu Jul  6 15:02:57 2023]
rule mpileup_popoolation_identify_indels:
    input: results/mpileup/raw/pop1/pop1.2R.mpileup.gz
    output: results/mpileup/filt/pop1/pop1.2R.gtf
    log: results/mpileup/filt/pop1/pop1.2R.gtf.log
    jobid: 24
    benchmark: results/mpileup/filt/pop1/pop1.2R.gtf.json
    reason: Missing output files: results/mpileup/filt/pop1/pop1.2R.gtf; Input files updated by another job: results/mpileup/raw/pop1/pop1.2R.mpileup.gz
    wildcards: population=pop1, chromosome=2R
    resources: tmpdir=/tmp


        perl src/popoolation_1.2.2/basic-pipeline/identify-genomic-indel-regions.pl             --input <(gzip --decompress --stdout results/mpileup/raw/pop1/pop1.2R.mpileup.gz)             --output results/mpileup/filt/pop1/pop1.2R.gtf             --indel-window 5             --min-count 2         2>results/mpileup/filt/pop1/pop1.2R.gtf.log 1>&2
        
Activating conda environment: mpileup
[Thu Jul  6 15:03:00 2023]
Finished job 24.
31 of 66 steps (47%) done
Select jobs to execute...

[Thu Jul  6 15:03:00 2023]
rule mpileup_popoolation_filter_indels:
    input: results/mpileup/raw/pop1/pop1.2R.mpileup.gz, results/mpileup/filt/pop1/pop1.2R.gtf
    output: results/mpileup/filt/pop1/pop1.2R.mpileup, results/mpileup/filt/pop1/pop1.2R.mpileup.gz
    log: results/mpileup/filt/pop1/pop1.2R.mpileup.log
    jobid: 5
    benchmark: results/mpileup/filt/pop1/pop1.2R.mpileup.json
    reason: Missing output files: results/mpileup/filt/pop1/pop1.2R.mpileup.gz; Input files updated by another job: results/mpileup/filt/pop1/pop1.2R.gtf, results/mpileup/raw/pop1/pop1.2R.mpileup.gz
    wildcards: population=pop1, chromosome=2R
    resources: tmpdir=/tmp


        mkfifo results/mpileup/filt/pop1/pop1.2R.mpileup

        (cat results/mpileup/filt/pop1/pop1.2R.mpileup | gzip --fast > results/mpileup/filt/pop1/pop1.2R.mpileup.gz &)

        perl src/popoolation_1.2.2/basic-pipeline/filter-pileup-by-gtf.pl             --input <(gzip --decompress --stdout results/mpileup/raw/pop1/pop1.2R.mpileup.gz)             --gtf results/mpileup/filt/pop1/pop1.2R.gtf             --output results/mpileup/filt/pop1/pop1.2R.mpileup         2> results/mpileup/filt/pop1/pop1.2R.mpileup.log 1>&2
        
Activating conda environment: mpileup
[Thu Jul  6 15:03:04 2023]
Finished job 5.
32 of 66 steps (48%) done
Removing temporary output results/mpileup/filt/pop1/pop1.2R.gtf.
Removing temporary output results/mpileup/filt/pop1/pop1.2R.mpileup.
Select jobs to execute...

[Thu Jul  6 15:03:04 2023]
rule mpileup_popoolation_subsample:
    input: results/mpileup/filt/pop1/pop1.2R.mpileup.gz
    output: results/mpileup/sub/pop1/pop1.2R.mpileup, results/mpileup/sub/pop1/pop1.2R.mpileup.gz
    log: results/mpileup/sub/pop1/pop1.2R.log
    jobid: 4
    benchmark: results/mpileup/sub/pop1/pop1.2R.json
    reason: Missing output files: results/mpileup/sub/pop1/pop1.2R.mpileup.gz; Input files updated by another job: results/mpileup/filt/pop1/pop1.2R.mpileup.gz
    wildcards: population=pop1, chromosome=2R
    resources: tmpdir=/tmp


        mkfifo results/mpileup/sub/pop1/pop1.2R.mpileup;

        (cat results/mpileup/sub/pop1/pop1.2R.mpileup | gzip --best > results/mpileup/sub/pop1/pop1.2R.mpileup.gz &)

        perl src/popoolation_1.2.2/basic-pipeline/subsample-pileup.pl             --min-qual 20             --method withoutreplace             --max-coverage 200             --fastq-type sanger             --target-coverage 10             --input <(gzip -dc results/mpileup/filt/pop1/pop1.2R.mpileup.gz)             --output results/mpileup/sub/pop1/pop1.2R.mpileup         2> results/mpileup/sub/pop1/pop1.2R.log 1>&2
        
Activating conda environment: mpileup
Write-protecting output file results/mpileup/sub/pop1/pop1.2R.mpileup.gz.
[Thu Jul  6 15:04:46 2023]
Finished job 4.
33 of 66 steps (50%) done
Removing temporary output results/mpileup/filt/pop1/pop1.2R.mpileup.gz.
Removing temporary output results/mpileup/sub/pop1/pop1.2R.mpileup.
Select jobs to execute...

[Thu Jul  6 15:04:46 2023]
rule sync_identify_indels:
    input: results/mpileup/raw/pop1/pop1.2R.mpileup.gz, results/mpileup/raw/pop2/pop2.2R.mpileup.gz
    output: results/sync/filt/2R.gtf
    log: results/sync/filt/2R.identify_indels.log
    jobid: 64
    benchmark: results/sync/filt/2R.identify_indels.bmk
    reason: Missing output files: results/sync/filt/2R.gtf; Input files updated by another job: results/mpileup/raw/pop1/pop1.2R.mpileup.gz, results/mpileup/raw/pop2/pop2.2R.mpileup.gz
    wildcards: chromosome=2R
    resources: tmpdir=/tmp


        (eval             paste <(gzip -dc results/mpileup/raw/pop1/pop1.2R.mpileup.gz | cut -f 1-3)             '<(gzip -dc '{results/mpileup/raw/pop1/pop1.2R.mpileup.gz,results/mpileup/raw/pop2/pop2.2R.mpileup.gz}' | cut -f 4-6 )'         | perl src/popoolation2_1201/indel_filtering/identify-indel-regions.pl             --input /dev/stdin             --output results/sync/filt/2R.gtf             --indel-window 5             --min-count 5)         2> results/sync/filt/2R.identify_indels.log 1>&2
        
Activating conda environment: sync
[Thu Jul  6 15:04:56 2023]
Finished job 64.
34 of 66 steps (52%) done
Select jobs to execute...

[Thu Jul  6 15:04:56 2023]
rule sync_filter_indels:
    input: results/mpileup/raw/pop1/pop1.2R.mpileup.gz, results/mpileup/raw/pop2/pop2.2R.mpileup.gz, results/sync/filt/2R.gtf
    output: results/sync/filt/2R.mpileup, results/sync/filt/2R.mpileup.gz
    log: results/sync/filt/2R.filter_indels.log
    jobid: 63
    benchmark: results/sync/filt/2R.filter_indels.bmk
    reason: Missing output files: results/sync/filt/2R.mpileup.gz; Input files updated by another job: results/mpileup/raw/pop1/pop1.2R.mpileup.gz, results/mpileup/raw/pop2/pop2.2R.mpileup.gz, results/sync/filt/2R.gtf
    wildcards: chromosome=2R
    resources: tmpdir=/tmp


        mkfifo results/sync/filt/2R.mpileup

        (cat results/sync/filt/2R.mpileup | gzip --fast > results/sync/filt/2R.mpileup.gz &)

        (eval             paste <(gzip -dc results/mpileup/raw/pop1/pop1.2R.mpileup.gz | cut -f 1-3)             '<(gzip -dc '{results/mpileup/raw/pop1/pop1.2R.mpileup.gz,results/mpileup/raw/pop2/pop2.2R.mpileup.gz}' | cut -f 4-6 )'         | perl src/popoolation2_1201/indel_filtering/filter-sync-by-gtf.pl             --input /dev/stdin             --gtf results/sync/filt/2R.gtf             --output results/sync/filt/2R.mpileup)         2> results/sync/filt/2R.filter_indels.log 1>&2
        
Activating conda environment: sync
[Thu Jul  6 15:05:07 2023]
Finished job 63.
35 of 66 steps (53%) done
Removing temporary output results/sync/filt/2R.gtf.
Removing temporary output results/sync/filt/2R.mpileup.
Select jobs to execute...

[Thu Jul  6 15:05:07 2023]
rule popoolation_variance_sliding:
    input: results/mpileup/sub/pop2/pop2.2R.mpileup.gz
    output: results/popoolation/tables/theta/pop2.2R.theta.snps, results/popoolation/tables/theta/pop2.2R.theta.tsv
    log: results/popoolation/tables/theta/pop2.2R.theta.log
    jobid: 50
    benchmark: results/popoolation/tables/theta/pop2.2R.theta.json
    reason: Missing output files: results/popoolation/tables/theta/pop2.2R.theta.tsv; Input files updated by another job: results/mpileup/sub/pop2/pop2.2R.mpileup.gz
    wildcards: analysis=theta, population=pop2, chromosome=2R
    resources: tmpdir=/tmp


        perl src/popoolation_1.2.2/Variance-sliding.pl             --measure theta             --fastq-type sanger             --min-count 2             --min-coverage 4             --max-coverage 200             --min-covered-fraction 0.5             --pool-size 200             --window-size 1000             --step-size 1000             --input <(gzip --decompress --stdout results/mpileup/sub/pop2/pop2.2R.mpileup.gz)             --output results/popoolation/tables/theta/pop2.2R.theta.tsv             --snp-output results/popoolation/tables/theta/pop2.2R.theta.snps         2> results/popoolation/tables/theta/pop2.2R.theta.log 1>&2
        
Activating conda environment: popoolation
[Thu Jul  6 15:05:18 2023]
Finished job 50.
36 of 66 steps (55%) done
Select jobs to execute...

[Thu Jul  6 15:05:18 2023]
rule sync_mpileup2sync:
    input: results/sync/filt/2R.mpileup.gz
    output: results/sync/mpileup2sync/2R.sync
    log: results/sync/mpileup2sync/2R.log
    jobid: 62
    benchmark: results/sync/mpileup2sync/2R.json
    reason: Missing output files: results/sync/mpileup2sync/2R.sync; Input files updated by another job: results/sync/filt/2R.mpileup.gz
    wildcards: chromosome=2R
    resources: tmpdir=/tmp, memory_gb=2


        (gzip --decompress --stdout results/sync/filt/2R.mpileup.gz         | java -Xmx2g -jar src/popoolation2_1201/mpileup2sync.jar             --input /dev/stdin             --output results/sync/mpileup2sync/2R.sync             --fastq-type sanger             --min-qual 20             --threads 1         || true)         2> results/sync/mpileup2sync/2R.log 1>&2
        
Activating conda environment: sync
[Thu Jul  6 15:05:26 2023]
Finished job 62.
37 of 66 steps (56%) done
Select jobs to execute...

[Thu Jul  6 15:05:26 2023]
rule sync_subsample:
    input: results/sync/mpileup2sync/2R.sync
    output: results/sync/subsampled/2R.sync
    log: results/sync/subsampled/2R.log
    jobid: 61
    benchmark: results/sync/subsampled/2R.json
    reason: Missing output files: results/sync/subsampled/2R.sync; Input files updated by another job: results/sync/mpileup2sync/2R.sync
    wildcards: chromosome=2R
    resources: tmpdir=/tmp


        perl src/popoolation2_1201/subsample-synchronized.pl             --input results/sync/mpileup2sync/2R.sync             --output results/sync/subsampled/2R.sync             --target-coverage 10             --max-coverage 200,200             --method withoutreplace         2> results/sync/subsampled/2R.log 1>&2
        
Activating conda environment: sync
[Thu Jul  6 15:05:46 2023]
Finished job 61.
38 of 66 steps (58%) done
Removing temporary output results/sync/mpileup2sync/2R.sync.
Select jobs to execute...

[Thu Jul  6 15:05:46 2023]
rule fst_sliding:
    input: results/sync/subsampled/2R.sync
    output: results/fst/tables/2R.tsv, results/fst/tables/2R.tsv.gz
    log: results/fst/tables/2R.log
    jobid: 60
    benchmark: results/fst/tables/2R.json
    reason: Missing output files: results/fst/tables/2R.tsv; Input files updated by another job: results/sync/subsampled/2R.sync
    wildcards: chromosome=2R
    resources: tmpdir=/tmp


        perl src/popoolation2_1201/fst-sliding.pl             --window-size 1             --step-size 1             --suppress-noninformative             --input results/sync/subsampled/2R.sync             --min-covered-fraction 1.0             --min-coverage 4             --max-coverage 200             --min-count 3             --output results/fst/tables/2R.tsv             --pool-size 500:200         2> results/fst/tables/2R.log 1>&2
        gzip --best --keep results/fst/tables/2R.tsv 2>> results/fst/tables/2R.log
        
Activating conda environment: fst
[Thu Jul  6 15:06:09 2023]
Error in rule fst_sliding:
    jobid: 60
    input: results/sync/subsampled/2R.sync
    output: results/fst/tables/2R.tsv, results/fst/tables/2R.tsv.gz
    log: results/fst/tables/2R.log (check log file(s) for error details)
    conda-env: fst
    shell:
        
        perl src/popoolation2_1201/fst-sliding.pl             --window-size 1             --step-size 1             --suppress-noninformative             --input results/sync/subsampled/2R.sync             --min-covered-fraction 1.0             --min-coverage 4             --max-coverage 200             --min-count 3             --output results/fst/tables/2R.tsv             --pool-size 500:200         2> results/fst/tables/2R.log 1>&2
        gzip --best --keep results/fst/tables/2R.tsv 2>> results/fst/tables/2R.log
        
        (one of the commands exited with non-zero exit code; note that snakemake uses bash strict mode!)

Removing output files of failed job fst_sliding since they might be corrupted:
results/fst/tables/2R.tsv
Shutting down, this might take some time.
Exiting because a job execution failed. Look above for error message
Complete log: .snakemake/log/2023-07-06T145814.967354.snakemake.log
