Building DAG of jobs...
Using shell: /usr/bin/bash
Provided cores: 1 (use --cores to define parallelism)
Rules claiming more threads will be scaled down.
Singularity containers: ignored
Job stats:
job               count    min threads    max threads
--------------  -------  -------------  -------------
qc_trimmomatic        1              1              1
total                 1              1              1

Select jobs to execute...

[Thu Jul  6 13:53:51 2023]
rule qc_trimmomatic:
    input: results/raw/pop2.lib1_1.fq, results/raw/pop2.lib1_2.fq
    output: results/qc/pop2.lib1_1.fq, results/qc/pop2.lib1_2.fq, results/qc/pop2.lib1_3.fq, results/qc/pop2.lib1_4.fq
    log: results/qc/pop2.lib1.trimmomatic_pe.log
    jobid: 0
    benchmark: results/qc/pop2.lib1.trimmomatic_pe.json
    reason: Missing output files: results/qc/pop2.lib1_1.fq
    wildcards: population=pop2, library=lib1
    priority: 50
    resources: tmpdir=/tmp


        trimmomatic PE \
            -threads 1 \
            -phred33 \
            results/raw/pop2.lib1_1.fq results/raw/pop2.lib1_2.fq results/qc/pop2.lib1_1.fq results/qc/pop2.lib1_3.fq results/qc/pop2.lib1_2.fq results/qc/pop2.lib1_4.fq \
            ILLUMINACLIP:data/adapters/TruSeq3-PE-2.fa:2:30:10 \
            AVGQUAL:3 MINLEN:31 LEADING:19 TRAILING:19 MINLEN:31 SLIDINGWINDOW:4:5 LEADING:5 TRAILING:5 MINLEN:25 TOPHRED33 \
        2> results/qc/pop2.lib1.trimmomatic_pe.log 1>&2
        
Activating conda environment: qc
[Thu Jul  6 13:54:04 2023]
Finished job 0.
1 of 1 steps (100%) done
Complete log: .snakemake/log/2023-07-06T135349.060430.snakemake.log
