[M::bwa_idx_load_from_disk] read 0 ALT contigs
[M::process] read 133334 sequences (10000050 bp)...
[M::process] read 133334 sequences (10000050 bp)...
[M::mem_pestat] # candidate unique pairs for (FF, FR, RF, RR): (0, 65452, 0, 0)
[M::mem_pestat] skip orientation FF as there are not enough pairs
[M::mem_pestat] analyzing insert size distribution for orientation FR...
[M::mem_pestat] (25, 50, 75) percentile: (74, 74, 74)
[M::mem_pestat] low and high boundaries for computing mean and std.dev: (74, 74)
[M::mem_pestat] mean and std.dev: (74.00, 0.00)
[M::mem_pestat] low and high boundaries for proper pairs: (74, 74)
[M::mem_pestat] skip orientation RF as there are not enough pairs
[M::mem_pestat] skip orientation RR as there are not enough pairs
[M::mem_process_seqs] Processed 133334 reads in 3.173 CPU sec, 3.241 real sec
[W::sam_hrecs_update_hashes] PG line with multiple ID tags. The first encountered was preferred - ID:bwa
[M::process] read 133334 sequences (10000050 bp)...
[M::mem_pestat] # candidate unique pairs for (FF, FR, RF, RR): (0, 65239, 0, 0)
[M::mem_pestat] skip orientation FF as there are not enough pairs
[M::mem_pestat] analyzing insert size distribution for orientation FR...
[M::mem_pestat] (25, 50, 75) percentile: (74, 74, 74)
[M::mem_pestat] low and high boundaries for computing mean and std.dev: (74, 74)
[M::mem_pestat] mean and std.dev: (74.00, 0.00)
[M::mem_pestat] low and high boundaries for proper pairs: (74, 74)
[M::mem_pestat] skip orientation RF as there are not enough pairs
[M::mem_pestat] skip orientation RR as there are not enough pairs
[M::mem_process_seqs] Processed 133334 reads in 3.339 CPU sec, 3.470 real sec
[M::process] read 133334 sequences (10000050 bp)...
[M::mem_pestat] # candidate unique pairs for (FF, FR, RF, RR): (0, 66144, 0, 0)
[M::mem_pestat] skip orientation FF as there are not enough pairs
[M::mem_pestat] analyzing insert size distribution for orientation FR...
[M::mem_pestat] (25, 50, 75) percentile: (74, 74, 74)
[M::mem_pestat] low and high boundaries for computing mean and std.dev: (74, 74)
[M::mem_pestat] mean and std.dev: (74.00, 0.00)
[M::mem_pestat] low and high boundaries for proper pairs: (74, 74)
[M::mem_pestat] skip orientation RF as there are not enough pairs
[M::mem_pestat] skip orientation RR as there are not enough pairs
[M::mem_process_seqs] Processed 133334 reads in 3.186 CPU sec, 3.306 real sec
[M::process] read 133334 sequences (10000050 bp)...
[M::mem_pestat] # candidate unique pairs for (FF, FR, RF, RR): (0, 65953, 0, 0)
[M::mem_pestat] skip orientation FF as there are not enough pairs
[M::mem_pestat] analyzing insert size distribution for orientation FR...
[M::mem_pestat] (25, 50, 75) percentile: (74, 74, 74)
[M::mem_pestat] low and high boundaries for computing mean and std.dev: (74, 74)
[M::mem_pestat] mean and std.dev: (74.00, 0.00)
[M::mem_pestat] low and high boundaries for proper pairs: (74, 74)
[M::mem_pestat] skip orientation RF as there are not enough pairs
[M::mem_pestat] skip orientation RR as there are not enough pairs
[M::mem_process_seqs] Processed 133334 reads in 3.217 CPU sec, 3.337 real sec
[M::process] read 133334 sequences (10000050 bp)...
[M::mem_pestat] # candidate unique pairs for (FF, FR, RF, RR): (0, 65436, 0, 0)
[M::mem_pestat] skip orientation FF as there are not enough pairs
[M::mem_pestat] analyzing insert size distribution for orientation FR...
[M::mem_pestat] (25, 50, 75) percentile: (74, 74, 74)
[M::mem_pestat] low and high boundaries for computing mean and std.dev: (74, 74)
[M::mem_pestat] mean and std.dev: (74.00, 0.00)
[M::mem_pestat] low and high boundaries for proper pairs: (74, 74)
[M::mem_pestat] skip orientation RF as there are not enough pairs
[M::mem_pestat] skip orientation RR as there are not enough pairs
[M::mem_process_seqs] Processed 133334 reads in 3.295 CPU sec, 3.405 real sec
[M::process] read 123682 sequences (9276150 bp)...
[M::mem_pestat] # candidate unique pairs for (FF, FR, RF, RR): (0, 65717, 0, 0)
[M::mem_pestat] skip orientation FF as there are not enough pairs
[M::mem_pestat] analyzing insert size distribution for orientation FR...
[M::mem_pestat] (25, 50, 75) percentile: (74, 74, 74)
[M::mem_pestat] low and high boundaries for computing mean and std.dev: (74, 74)
[M::mem_pestat] mean and std.dev: (74.00, 0.00)
[M::mem_pestat] low and high boundaries for proper pairs: (74, 74)
[M::mem_pestat] skip orientation RF as there are not enough pairs
[M::mem_pestat] skip orientation RR as there are not enough pairs
[M::mem_process_seqs] Processed 133334 reads in 3.168 CPU sec, 3.227 real sec
[M::mem_pestat] # candidate unique pairs for (FF, FR, RF, RR): (0, 61310, 0, 0)
[M::mem_pestat] skip orientation FF as there are not enough pairs
[M::mem_pestat] analyzing insert size distribution for orientation FR...
[M::mem_pestat] (25, 50, 75) percentile: (74, 74, 74)
[M::mem_pestat] low and high boundaries for computing mean and std.dev: (74, 74)
[M::mem_pestat] mean and std.dev: (74.00, 0.00)
[M::mem_pestat] low and high boundaries for proper pairs: (74, 74)
[M::mem_pestat] skip orientation RF as there are not enough pairs
[M::mem_pestat] skip orientation RR as there are not enough pairs
[M::mem_process_seqs] Processed 123682 reads in 3.084 CPU sec, 3.143 real sec
[main] Version: 0.7.15-r1140
[main] CMD: bwa mem -M -R @RG	ID:pop1_lib1	LB:truseq_lib1	PL:Illumina	SM:pop1 -t 1 results/index/genome results/qc/pop1.lib1_1.fq results/qc/pop1.lib1_2.fq
[main] Real time: 23.312 sec; CPU: 22.568 sec
[W::sam_hrecs_update_hashes] PG line with multiple ID tags. The first encountered was preferred - ID:bwa
