[Wed Jul 12 14:03:00 BST 2023] picard.sam.markduplicates.MarkDuplicates INPUT=[results/map/split/pop1.lib2.2R.bam] OUTPUT=/dev/stdout METRICS_FILE=results/map/filt/pop1.lib2.2R.dupstats REMOVE_DUPLICATES=true ASSUME_SORT_ORDER=coordinate QUIET=false VALIDATION_STRINGENCY=SILENT COMPRESSION_LEVEL=0    MAX_SEQUENCES_FOR_DISK_READ_ENDS_MAP=50000 MAX_FILE_HANDLES_FOR_READ_ENDS_MAP=8000 SORTING_COLLECTION_SIZE_RATIO=0.25 REMOVE_SEQUENCING_DUPLICATES=false TAGGING_POLICY=DontTag ASSUME_SORTED=false DUPLICATE_SCORING_STRATEGY=SUM_OF_BASE_QUALITIES PROGRAM_RECORD_ID=MarkDuplicates PROGRAM_GROUP_NAME=MarkDuplicates READ_NAME_REGEX=<optimized capture of last three ':' separated fields as numeric values> OPTICAL_DUPLICATE_PIXEL_DISTANCE=100 VERBOSITY=INFO MAX_RECORDS_IN_RAM=500000 CREATE_INDEX=false CREATE_MD5_FILE=false GA4GH_CLIENT_SECRETS=client_secrets.json
[Wed Jul 12 14:03:00 BST 2023] Executing as s2306096@node1h20.ecdf.ed.ac.uk on Linux 3.10.0-1160.88.1.el7.x86_64 amd64; OpenJDK 64-Bit Server VM 1.8.0_112-b16; Picard version: 2.7.1-SNAPSHOT
INFO	2023-07-12 14:03:00	MarkDuplicates	Start of doWork freeMemory: 1013489304; totalMemory: 1029177344; maxMemory: 1029177344
INFO	2023-07-12 14:03:00	MarkDuplicates	Reading input file and constructing read end information.
INFO	2023-07-12 14:03:00	MarkDuplicates	Will retain up to 3958374 data points before spilling to disk.
WARNING	2023-07-12 14:03:00	AbstractOpticalDuplicateFinderCommandLineProgram	A field field parsed out of a read name was expected to contain an integer and did not. Read name: pop1_676517. Cause: String 'pop1_676517' did not start with a parsable number.
INFO	2023-07-12 14:03:09	MarkDuplicates	Read 923686 records. 0 pairs never matched.
INFO	2023-07-12 14:03:12	MarkDuplicates	After buildSortedReadEndLists freeMemory: 778982360; totalMemory: 916455424; maxMemory: 954728448
INFO	2023-07-12 14:03:12	MarkDuplicates	Will retain up to 29835264 duplicate indices before spilling to disk.
INFO	2023-07-12 14:03:12	MarkDuplicates	Traversing read pair information and detecting duplicates.
INFO	2023-07-12 14:03:12	MarkDuplicates	Traversing fragment information and detecting duplicates.
INFO	2023-07-12 14:03:13	MarkDuplicates	Sorting list of duplicate records.
INFO	2023-07-12 14:03:13	MarkDuplicates	After generateDuplicateIndexes freeMemory: 747347792; totalMemory: 991952896; maxMemory: 991952896
INFO	2023-07-12 14:03:13	MarkDuplicates	Marking 0 records as duplicates.
INFO	2023-07-12 14:03:13	MarkDuplicates	Found 0 optical duplicate clusters.
INFO	2023-07-12 14:03:13	MarkDuplicates	Reads are assumed to be ordered by: coordinate
INFO	2023-07-12 14:03:17	MarkDuplicates	Before output close freeMemory: 989255400; totalMemory: 996147200; maxMemory: 996147200
INFO	2023-07-12 14:03:17	MarkDuplicates	After output close freeMemory: 928962176; totalMemory: 935854080; maxMemory: 954728448
[Wed Jul 12 14:03:17 BST 2023] picard.sam.markduplicates.MarkDuplicates done. Elapsed time: 0.28 minutes.
Runtime.totalMemory()=935854080
