[Wed Jul 12 13:59:57 BST 2023] picard.sam.markduplicates.MarkDuplicates INPUT=[results/map/split/pop2.lib1.2R.bam] OUTPUT=/dev/stdout METRICS_FILE=results/map/filt/pop2.lib1.2R.dupstats REMOVE_DUPLICATES=true ASSUME_SORT_ORDER=coordinate QUIET=false VALIDATION_STRINGENCY=SILENT COMPRESSION_LEVEL=0    MAX_SEQUENCES_FOR_DISK_READ_ENDS_MAP=50000 MAX_FILE_HANDLES_FOR_READ_ENDS_MAP=8000 SORTING_COLLECTION_SIZE_RATIO=0.25 REMOVE_SEQUENCING_DUPLICATES=false TAGGING_POLICY=DontTag ASSUME_SORTED=false DUPLICATE_SCORING_STRATEGY=SUM_OF_BASE_QUALITIES PROGRAM_RECORD_ID=MarkDuplicates PROGRAM_GROUP_NAME=MarkDuplicates READ_NAME_REGEX=<optimized capture of last three ':' separated fields as numeric values> OPTICAL_DUPLICATE_PIXEL_DISTANCE=100 VERBOSITY=INFO MAX_RECORDS_IN_RAM=500000 CREATE_INDEX=false CREATE_MD5_FILE=false GA4GH_CLIENT_SECRETS=client_secrets.json
[Wed Jul 12 13:59:57 BST 2023] Executing as s2306096@node1h20.ecdf.ed.ac.uk on Linux 3.10.0-1160.88.1.el7.x86_64 amd64; OpenJDK 64-Bit Server VM 1.8.0_112-b16; Picard version: 2.7.1-SNAPSHOT
INFO	2023-07-12 13:59:57	MarkDuplicates	Start of doWork freeMemory: 1013489304; totalMemory: 1029177344; maxMemory: 1029177344
INFO	2023-07-12 13:59:57	MarkDuplicates	Reading input file and constructing read end information.
INFO	2023-07-12 13:59:57	MarkDuplicates	Will retain up to 3958374 data points before spilling to disk.
WARNING	2023-07-12 13:59:57	AbstractOpticalDuplicateFinderCommandLineProgram	A field field parsed out of a read name was expected to contain an integer and did not. Read name: pop2_657984. Cause: String 'pop2_657984' did not start with a parsable number.
INFO	2023-07-12 14:00:06	MarkDuplicates	Read 923870 records. 0 pairs never matched.
INFO	2023-07-12 14:00:09	MarkDuplicates	After buildSortedReadEndLists freeMemory: 781562224; totalMemory: 919076864; maxMemory: 954728448
INFO	2023-07-12 14:00:09	MarkDuplicates	Will retain up to 29835264 duplicate indices before spilling to disk.
INFO	2023-07-12 14:00:09	MarkDuplicates	Traversing read pair information and detecting duplicates.
INFO	2023-07-12 14:00:09	MarkDuplicates	Traversing fragment information and detecting duplicates.
INFO	2023-07-12 14:00:10	MarkDuplicates	Sorting list of duplicate records.
INFO	2023-07-12 14:00:11	MarkDuplicates	After generateDuplicateIndexes freeMemory: 747850392; totalMemory: 992477184; maxMemory: 992477184
INFO	2023-07-12 14:00:11	MarkDuplicates	Marking 0 records as duplicates.
INFO	2023-07-12 14:00:11	MarkDuplicates	Found 0 optical duplicate clusters.
INFO	2023-07-12 14:00:11	MarkDuplicates	Reads are assumed to be ordered by: coordinate
INFO	2023-07-12 14:00:15	MarkDuplicates	Before output close freeMemory: 989775368; totalMemory: 996671488; maxMemory: 996671488
INFO	2023-07-12 14:00:15	MarkDuplicates	After output close freeMemory: 929482144; totalMemory: 936378368; maxMemory: 954728448
[Wed Jul 12 14:00:15 BST 2023] picard.sam.markduplicates.MarkDuplicates done. Elapsed time: 0.30 minutes.
Runtime.totalMemory()=936378368
